
C:\KRATOS\Kratos\scripts>cmake -G"Visual Studio 16 2019" -H"C:\KRATOS\Kratos\scripts\.." -B"C:\KRATOS\Kratos\scripts\../build\FullDebug"          -DUSE_EIGEN_MKL=OFF                                                                                 -DINSTALL_RUNKRATOS=OFF       																		-DCMAKE_CXX_FLAGS="  "                                                  -DUSE_TRIANGLE_NONFREE_TPL=ON                                                                       -DKRATOS_GENERATE_PYTHON_STUBS=OFF 
-- Selecting Windows SDK version 10.0.19041.0 to target Windows 10.0.19045.
-- The C compiler identification is MSVC 19.29.30151.0
-- The CXX compiler identification is MSVC 19.29.30151.0
-- Detecting C compiler ABI info
-- Detecting C compiler ABI info - done
-- Check for working C compiler: C:/Program Files (x86)/Microsoft Visual Studio/2019/Community/VC/Tools/MSVC/14.29.30133/bin/Hostx64/x64/cl.exe - skipped
-- Detecting C compile features
-- Detecting C compile features - done
-- Detecting CXX compiler ABI info
-- Detecting CXX compiler ABI info - done
-- Check for working CXX compiler: C:/Program Files (x86)/Microsoft Visual Studio/2019/Community/VC/Tools/MSVC/14.29.30133/bin/Hostx64/x64/cl.exe - skipped
-- Detecting CXX compile features
-- Detecting CXX compile features - done
-- Found Git: C:/Git/cmd/git.exe (found version "2.41.0.windows.1") 
-- CMAKE_SYSTEM_NAME = Windows
-- CMAKE_CXX_COMPILER_ID = MSVC
-- CMAKE_CXX_FLAGS =   
-- CMAKE_C_FLAGS = /DWIN32 /D_WINDOWS /W3
-- Found PythonInterp: C:\Windows\py.exe (found version "3.11.4") 
-- Found PythonLibs: C:/Python installation/libs/Python311.lib
-- LTO is Disabled
-- AR VERSION: C:/Program Files (x86)/Microsoft Visual Studio/2019/Community/VC/Tools/MSVC/14.29.30133/bin/Hostx64/x64/lib.exe
-- Python version used for the interface will be 3.11
-- Standard install dir C:/KRATOS/Kratos/bin/FullDebug
-- "KRATOS_SHARED_MEMORY_PARALLELIZATION" not defined, defaulting to "OpenMP"
-- Found OpenMP_C: -openmp (found version "2.0") 
-- Found OpenMP_CXX: -openmp (found version "2.0") 
-- Found OpenMP: TRUE (found version "2.0")  
-- Using OpenMP for shared memory parallelization
-- Found Boost: C:/Boost extracted/boost_1_82_0 (found version "1.82.0")  
-- Boost Include: C:/Boost extracted/boost_1_82_0
-- Boost Linkdir: 
-- Could NOT find ZLIB (missing: ZLIB_INCLUDE_DIR) 
-- Preparing local ZLIB compilation.
-- Looking for sys/types.h
-- Looking for sys/types.h - found
-- Looking for stdint.h
-- Looking for stdint.h - found
-- Looking for stddef.h
-- Looking for stddef.h - found
-- Check size of off64_t
-- Check size of off64_t - failed
-- Looking for fseeko
-- Looking for fseeko - not found
-- Looking for unistd.h
-- Looking for unistd.h - not found
-- Performing Test CMAKE_HAVE_LIBC_PTHREAD
-- Performing Test CMAKE_HAVE_LIBC_PTHREAD - Failed
-- Looking for pthread_create in pthreads
-- Looking for pthread_create in pthreads - not found
-- Looking for pthread_create in pthread
-- Looking for pthread_create in pthread - not found
-- Found Threads: TRUE  
-- Configuring applications (ENV):
-- clipper : C:/KRATOS/Kratos/external_libraries/clipper
-- triangle : C:/KRATOS/Kratos/external_libraries/triangle
-- tinyexpr : C:/KRATOS/Kratos/external_libraries/tinyexpr/tinyexpr/
-- Configuring done (12.8s)
-- Generating done (0.2s)
-- Build files have been written to: C:/KRATOS/Kratos/build/FullDebug

C:\KRATOS\Kratos\scripts>rem Build 

C:\KRATOS\Kratos\scripts>cmake --build "C:\KRATOS\Kratos\scripts\../build/FullDebug" --target install -- /property:configuration=FullDebug /p:Platform=x64 
Microsoft (R) Build Engine version 16.11.2+f32259642 for .NET Framework
Copyright (C) Microsoft Corporation. All rights reserved.

  kratos_version.cpp
  KratosVersion.vcxproj -> C:\KRATOS\Kratos\build\FullDebug\kratos\KratosVersion.dir\FullDebug\KratosVersion.lib
  clipper.vcxproj -> C:\KRATOS\Kratos\build\FullDebug\external_libraries\clipper\FullDebug\clipper.lib
  zlib.vcxproj -> C:\KRATOS\Kratos\build\FullDebug\external_libraries\zlib\FullDebug\zlib.dll
  gidpost.vcxproj -> C:\KRATOS\Kratos\build\FullDebug\external_libraries\gidpost\FullDebug\gidpost.lib
  tinyexpr.vcxproj -> C:\KRATOS\Kratos\build\FullDebug\external_libraries\tinyexpr\FullDebug\tinyexpr.lib
  triangle.vcxproj -> C:\KRATOS\Kratos\build\FullDebug\external_libraries\triangle\FullDebug\triangle.lib
  KratosCore.vcxproj -> C:\KRATOS\Kratos\build\FullDebug\kratos\FullDebug\KratosCore.dll
  Kratos.vcxproj -> C:\KRATOS\Kratos\build\FullDebug\kratos\FullDebug\Kratos.cp311-win_amd64.pyd
  DEMFEM_volume_coupling_application.cpp
C:\KRATOS\Kratos\applications\DEMFEMVolumeCouplingApplication\DEMFEM_volume_coupling_application.h(30,3): warning C4273: 'Kratos::NODAL_COUPLING_WEIGHT': inconsistent dll linkage [C:\KRATOS\Kratos\build\FullDebug\applications\DEMFEMVolumeCouplingApplication\KratosDEMFEMVolumeCouplingCore.vcxproj]
C:\KRATOS\Kratos\applications\DEMFEMVolumeCouplingApplication\DEMFEM_volume_coupling_application.h(25,3): message : see previous definition of 'NODAL_COUPLING_WEIGHT' [C:\KRATOS\Kratos\build\FullDebug\applications\DEMFEMVolumeCouplingApplication\KratosDEMFEMVolumeCouplingCore.vcxproj]
C:\KRATOS\Kratos\applications\DEMFEMVolumeCouplingApplication\DEMFEM_volume_coupling_application.h(31,3): warning C4273: 'Kratos::PARTICLE_COUPLING_WEIGHT': inconsistent dll linkage [C:\KRATOS\Kratos\build\FullDebug\applications\DEMFEMVolumeCouplingApplication\KratosDEMFEMVolumeCouplingCore.vcxproj]
C:\KRATOS\Kratos\applications\DEMFEMVolumeCouplingApplication\DEMFEM_volume_coupling_application.h(26,3): message : see previous definition of 'PARTICLE_COUPLING_WEIGHT' [C:\KRATOS\Kratos\build\FullDebug\applications\DEMFEMVolumeCouplingApplication\KratosDEMFEMVolumeCouplingCore.vcxproj]
C:\KRATOS\Kratos\applications\DEMFEMVolumeCouplingApplication\DEMFEM_volume_coupling_application.h(32,3): warning C4273: 'Kratos::DISPLACEMENT_MULTIPLIED_MASS': inconsistent dll linkage [C:\KRATOS\Kratos\build\FullDebug\applications\DEMFEMVolumeCouplingApplication\KratosDEMFEMVolumeCouplingCore.vcxproj]
C:\KRATOS\Kratos\applications\DEMFEMVolumeCouplingApplication\DEMFEM_volume_coupling_application.h(27,3): message : see previous definition of 'DISPLACEMENT_MULTIPLIED_MASS' [C:\KRATOS\Kratos\build\FullDebug\applications\DEMFEMVolumeCouplingApplication\KratosDEMFEMVolumeCouplingCore.vcxproj]
C:\KRATOS\Kratos\applications\DEMFEMVolumeCouplingApplication\DEMFEM_volume_coupling_application.h(32,3): warning C4273: 'Kratos::DISPLACEMENT_MULTIPLIED_MASS_X': inconsistent dll linkage [C:\KRATOS\Kratos\build\FullDebug\applications\DEMFEMVolumeCouplingApplication\KratosDEMFEMVolumeCouplingCore.vcxproj]
C:\KRATOS\Kratos\applications\DEMFEMVolumeCouplingApplication\DEMFEM_volume_coupling_application.h(27,3): message : see previous definition of 'DISPLACEMENT_MULTIPLIED_MASS_X' [C:\KRATOS\Kratos\build\FullDebug\applications\DEMFEMVolumeCouplingApplication\KratosDEMFEMVolumeCouplingCore.vcxproj]
C:\KRATOS\Kratos\applications\DEMFEMVolumeCouplingApplication\DEMFEM_volume_coupling_application.h(32,3): warning C4273: 'Kratos::DISPLACEMENT_MULTIPLIED_MASS_Y': inconsistent dll linkage [C:\KRATOS\Kratos\build\FullDebug\applications\DEMFEMVolumeCouplingApplication\KratosDEMFEMVolumeCouplingCore.vcxproj]
C:\KRATOS\Kratos\applications\DEMFEMVolumeCouplingApplication\DEMFEM_volume_coupling_application.h(27,3): message : see previous definition of 'DISPLACEMENT_MULTIPLIED_MASS_Y' [C:\KRATOS\Kratos\build\FullDebug\applications\DEMFEMVolumeCouplingApplication\KratosDEMFEMVolumeCouplingCore.vcxproj]
C:\KRATOS\Kratos\applications\DEMFEMVolumeCouplingApplication\DEMFEM_volume_coupling_application.h(32,3): warning C4273: 'Kratos::DISPLACEMENT_MULTIPLIED_MASS_Z': inconsistent dll linkage [C:\KRATOS\Kratos\build\FullDebug\applications\DEMFEMVolumeCouplingApplication\KratosDEMFEMVolumeCouplingCore.vcxproj]
C:\KRATOS\Kratos\applications\DEMFEMVolumeCouplingApplication\DEMFEM_volume_coupling_application.h(27,3): message : see previous definition of 'DISPLACEMENT_MULTIPLIED_MASS_Z' [C:\KRATOS\Kratos\build\FullDebug\applications\DEMFEMVolumeCouplingApplication\KratosDEMFEMVolumeCouplingCore.vcxproj]
C:\KRATOS\Kratos\applications\DEMFEMVolumeCouplingApplication\DEMFEM_volume_coupling_application.h(33,3): warning C4273: 'Kratos::DEMFEM_VOLUME_COUPLING_FORCE': inconsistent dll linkage [C:\KRATOS\Kratos\build\FullDebug\applications\DEMFEMVolumeCouplingApplication\KratosDEMFEMVolumeCouplingCore.vcxproj]
C:\KRATOS\Kratos\applications\DEMFEMVolumeCouplingApplication\DEMFEM_volume_coupling_application.h(28,3): message : see previous definition of 'DEMFEM_VOLUME_COUPLING_FORCE' [C:\KRATOS\Kratos\build\FullDebug\applications\DEMFEMVolumeCouplingApplication\KratosDEMFEMVolumeCouplingCore.vcxproj]
C:\KRATOS\Kratos\applications\DEMFEMVolumeCouplingApplication\DEMFEM_volume_coupling_application.h(33,3): warning C4273: 'Kratos::DEMFEM_VOLUME_COUPLING_FORCE_X': inconsistent dll linkage [C:\KRATOS\Kratos\build\FullDebug\applications\DEMFEMVolumeCouplingApplication\KratosDEMFEMVolumeCouplingCore.vcxproj]
C:\KRATOS\Kratos\applications\DEMFEMVolumeCouplingApplication\DEMFEM_volume_coupling_application.h(28,3): message : see previous definition of 'DEMFEM_VOLUME_COUPLING_FORCE_X' [C:\KRATOS\Kratos\build\FullDebug\applications\DEMFEMVolumeCouplingApplication\KratosDEMFEMVolumeCouplingCore.vcxproj]
C:\KRATOS\Kratos\applications\DEMFEMVolumeCouplingApplication\DEMFEM_volume_coupling_application.h(33,3): warning C4273: 'Kratos::DEMFEM_VOLUME_COUPLING_FORCE_Y': inconsistent dll linkage [C:\KRATOS\Kratos\build\FullDebug\applications\DEMFEMVolumeCouplingApplication\KratosDEMFEMVolumeCouplingCore.vcxproj]
C:\KRATOS\Kratos\applications\DEMFEMVolumeCouplingApplication\DEMFEM_volume_coupling_application.h(28,3): message : see previous definition of 'DEMFEM_VOLUME_COUPLING_FORCE_Y' [C:\KRATOS\Kratos\build\FullDebug\applications\DEMFEMVolumeCouplingApplication\KratosDEMFEMVolumeCouplingCore.vcxproj]
C:\KRATOS\Kratos\applications\DEMFEMVolumeCouplingApplication\DEMFEM_volume_coupling_application.h(33,3): warning C4273: 'Kratos::DEMFEM_VOLUME_COUPLING_FORCE_Z': inconsistent dll linkage [C:\KRATOS\Kratos\build\FullDebug\applications\DEMFEMVolumeCouplingApplication\KratosDEMFEMVolumeCouplingCore.vcxproj]
C:\KRATOS\Kratos\applications\DEMFEMVolumeCouplingApplication\DEMFEM_volume_coupling_application.h(28,3): message : see previous definition of 'DEMFEM_VOLUME_COUPLING_FORCE_Z' [C:\KRATOS\Kratos\build\FullDebug\applications\DEMFEMVolumeCouplingApplication\KratosDEMFEMVolumeCouplingCore.vcxproj]
C:\KRATOS\Kratos\applications\DEMFEMVolumeCouplingApplication\DEMFEM_volume_coupling_application.h(35,3): warning C4002: too many arguments for function-like macro invocation 'KRATOS_REGISTER_VARIABLE' [C:\KRATOS\Kratos\build\FullDebug\applications\DEMFEMVolumeCouplingApplication\KratosDEMFEMVolumeCouplingCore.vcxproj]
C:\KRATOS\Kratos\applications\DEMFEMVolumeCouplingApplication\DEMFEM_volume_coupling_application.h(35,3): error C2143: syntax error: missing ')' before '.' [C:\KRATOS\Kratos\build\FullDebug\applications\DEMFEMVolumeCouplingApplication\KratosDEMFEMVolumeCouplingCore.vcxproj]
C:\KRATOS\Kratos\applications\DEMFEMVolumeCouplingApplication\DEMFEM_volume_coupling_application.h(35,3): error C3484: syntax error: expected '->' before the return type [C:\KRATOS\Kratos\build\FullDebug\applications\DEMFEMVolumeCouplingApplication\KratosDEMFEMVolumeCouplingCore.vcxproj]
C:\KRATOS\Kratos\applications\DEMFEMVolumeCouplingApplication\DEMFEM_volume_coupling_application.h(35,3): error C3613: missing return type after '->' ('int' assumed) [C:\KRATOS\Kratos\build\FullDebug\applications\DEMFEMVolumeCouplingApplication\KratosDEMFEMVolumeCouplingCore.vcxproj]
C:\KRATOS\Kratos\applications\DEMFEMVolumeCouplingApplication\DEMFEM_volume_coupling_application.h(35,3): error C3646: 'Name': unknown override specifier [C:\KRATOS\Kratos\build\FullDebug\applications\DEMFEMVolumeCouplingApplication\KratosDEMFEMVolumeCouplingCore.vcxproj]
C:\KRATOS\Kratos\applications\DEMFEMVolumeCouplingApplication\DEMFEM_volume_coupling_application.h(35,3): error C3551: if a trailing return type is used then the leading return type shall be the single type-specifier 'auto' (not 'int') [C:\KRATOS\Kratos\build\FullDebug\applications\DEMFEMVolumeCouplingApplication\KratosDEMFEMVolumeCouplingCore.vcxproj]
C:\KRATOS\Kratos\applications\DEMFEMVolumeCouplingApplication\DEMFEM_volume_coupling_application.h(35,3): error C4430: missing type specifier - int assumed. Note: C++ does not support default-int [C:\KRATOS\Kratos\build\FullDebug\applications\DEMFEMVolumeCouplingApplication\KratosDEMFEMVolumeCouplingCore.vcxproj]
C:\KRATOS\Kratos\applications\DEMFEMVolumeCouplingApplication\DEMFEM_volume_coupling_application.h(35,3): error C2059: syntax error: '(' [C:\KRATOS\Kratos\build\FullDebug\applications\DEMFEMVolumeCouplingApplication\KratosDEMFEMVolumeCouplingCore.vcxproj]
C:\KRATOS\Kratos\applications\DEMFEMVolumeCouplingApplication\DEMFEM_volume_coupling_application.h(35,3): error C2059: syntax error: ')' [C:\KRATOS\Kratos\build\FullDebug\applications\DEMFEMVolumeCouplingApplication\KratosDEMFEMVolumeCouplingCore.vcxproj]
C:\KRATOS\Kratos\applications\DEMFEMVolumeCouplingApplication\DEMFEM_volume_coupling_application.h(35,3): error C2511: 'int Kratos::KratosComponents<Kratos::VariableData>::Add(double)': overloaded member function not found in 'Kratos::KratosComponents<Kratos::VariableData>' [C:\KRATOS\Kratos\build\FullDebug\applications\DEMFEMVolumeCouplingApplication\KratosDEMFEMVolumeCouplingCore.vcxproj]
C:\KRATOS\Kratos\kratos\includes/kratos_components.h(253): message : see declaration of 'Kratos::KratosComponents<Kratos::VariableData>' [C:\KRATOS\Kratos\build\FullDebug\applications\DEMFEMVolumeCouplingApplication\KratosDEMFEMVolumeCouplingCore.vcxproj]
C:\KRATOS\Kratos\applications\DEMFEMVolumeCouplingApplication\DEMFEM_volume_coupling_application.h(36,3): error C2143: syntax error: missing ')' before '.' [C:\KRATOS\Kratos\build\FullDebug\applications\DEMFEMVolumeCouplingApplication\KratosDEMFEMVolumeCouplingCore.vcxproj]
C:\KRATOS\Kratos\applications\DEMFEMVolumeCouplingApplication\DEMFEM_volume_coupling_application.h(36,3): error C3484: syntax error: expected '->' before the return type [C:\KRATOS\Kratos\build\FullDebug\applications\DEMFEMVolumeCouplingApplication\KratosDEMFEMVolumeCouplingCore.vcxproj]
C:\KRATOS\Kratos\applications\DEMFEMVolumeCouplingApplication\DEMFEM_volume_coupling_application.h(36,3): error C3613: missing return type after '->' ('int' assumed) [C:\KRATOS\Kratos\build\FullDebug\applications\DEMFEMVolumeCouplingApplication\KratosDEMFEMVolumeCouplingCore.vcxproj]
C:\KRATOS\Kratos\applications\DEMFEMVolumeCouplingApplication\DEMFEM_volume_coupling_application.h(36,3): error C3646: 'Name': unknown override specifier [C:\KRATOS\Kratos\build\FullDebug\applications\DEMFEMVolumeCouplingApplication\KratosDEMFEMVolumeCouplingCore.vcxproj]
C:\KRATOS\Kratos\applications\DEMFEMVolumeCouplingApplication\DEMFEM_volume_coupling_application.h(36,3): error C3551: if a trailing return type is used then the leading return type shall be the single type-specifier 'auto' (not 'int') [C:\KRATOS\Kratos\build\FullDebug\applications\DEMFEMVolumeCouplingApplication\KratosDEMFEMVolumeCouplingCore.vcxproj]
C:\KRATOS\Kratos\applications\DEMFEMVolumeCouplingApplication\DEMFEM_volume_coupling_application.h(36,3): error C4430: missing type specifier - int assumed. Note: C++ does not support default-int [C:\KRATOS\Kratos\build\FullDebug\applications\DEMFEMVolumeCouplingApplication\KratosDEMFEMVolumeCouplingCore.vcxproj]
C:\KRATOS\Kratos\applications\DEMFEMVolumeCouplingApplication\DEMFEM_volume_coupling_application.h(36,3): error C2084: function 'int Kratos::AddKratosComponent(double)' already has a body [C:\KRATOS\Kratos\build\FullDebug\applications\DEMFEMVolumeCouplingApplication\KratosDEMFEMVolumeCouplingCore.vcxproj]
C:\KRATOS\Kratos\applications\DEMFEMVolumeCouplingApplication\DEMFEM_volume_coupling_application.h(35): message : see previous definition of 'AddKratosComponent' [C:\KRATOS\Kratos\build\FullDebug\applications\DEMFEMVolumeCouplingApplication\KratosDEMFEMVolumeCouplingCore.vcxproj]
C:\KRATOS\Kratos\applications\DEMFEMVolumeCouplingApplication\DEMFEM_volume_coupling_application.h(36,3): error C2059: syntax error: '(' [C:\KRATOS\Kratos\build\FullDebug\applications\DEMFEMVolumeCouplingApplication\KratosDEMFEMVolumeCouplingCore.vcxproj]
C:\KRATOS\Kratos\applications\DEMFEMVolumeCouplingApplication\DEMFEM_volume_coupling_application.h(36,3): error C2059: syntax error: ')' [C:\KRATOS\Kratos\build\FullDebug\applications\DEMFEMVolumeCouplingApplication\KratosDEMFEMVolumeCouplingCore.vcxproj]
C:\KRATOS\Kratos\applications\DEMFEMVolumeCouplingApplication\DEMFEM_volume_coupling_application.h(36,3): error C2511: 'int Kratos::KratosComponents<Kratos::VariableData>::Add(double)': overloaded member function not found in 'Kratos::KratosComponents<Kratos::VariableData>' [C:\KRATOS\Kratos\build\FullDebug\applications\DEMFEMVolumeCouplingApplication\KratosDEMFEMVolumeCouplingCore.vcxproj]
C:\KRATOS\Kratos\kratos\includes/kratos_components.h(253): message : see declaration of 'Kratos::KratosComponents<Kratos::VariableData>' [C:\KRATOS\Kratos\build\FullDebug\applications\DEMFEMVolumeCouplingApplication\KratosDEMFEMVolumeCouplingCore.vcxproj]
C:\KRATOS\Kratos\applications\DEMFEMVolumeCouplingApplication\DEMFEM_volume_coupling_application.h(37,3): error C4430: missing type specifier - int assumed. Note: C++ does not support default-int [C:\KRATOS\Kratos\build\FullDebug\applications\DEMFEMVolumeCouplingApplication\KratosDEMFEMVolumeCouplingCore.vcxproj]
C:\KRATOS\Kratos\applications\DEMFEMVolumeCouplingApplication\DEMFEM_volume_coupling_application.h(37,3): error C2365: 'Kratos::AddKratosComponent': redefinition; previous definition was 'function' [C:\KRATOS\Kratos\build\FullDebug\applications\DEMFEMVolumeCouplingApplication\KratosDEMFEMVolumeCouplingCore.vcxproj]
C:\KRATOS\Kratos\applications\DEMFEMVolumeCouplingApplication\DEMFEM_volume_coupling_application.h(37,3): error C2761: 'void Kratos::KratosComponents<Kratos::VariableData>::Add(const std::string &,Kratos::VariableData &)': redeclaration of member is not allowed [C:\KRATOS\Kratos\build\FullDebug\applications\DEMFEMVolumeCouplingApplication\KratosDEMFEMVolumeCouplingCore.vcxproj]
C:\KRATOS\Kratos\applications\DEMFEMVolumeCouplingApplication\DEMFEM_volume_coupling_application.h(38,3): error C4430: missing type specifier - int assumed. Note: C++ does not support default-int [C:\KRATOS\Kratos\build\FullDebug\applications\DEMFEMVolumeCouplingApplication\KratosDEMFEMVolumeCouplingCore.vcxproj]
C:\KRATOS\Kratos\applications\DEMFEMVolumeCouplingApplication\DEMFEM_volume_coupling_application.h(38,3): error C2365: 'Kratos::AddKratosComponent': redefinition; previous definition was 'function' [C:\KRATOS\Kratos\build\FullDebug\applications\DEMFEMVolumeCouplingApplication\KratosDEMFEMVolumeCouplingCore.vcxproj]
C:\KRATOS\Kratos\applications\DEMFEMVolumeCouplingApplication\DEMFEM_volume_coupling_application.h(38,3): error C2761: 'void Kratos::KratosComponents<Kratos::VariableData>::Add(const std::string &,Kratos::VariableData &)': redeclaration of member is not allowed [C:\KRATOS\Kratos\build\FullDebug\applications\DEMFEMVolumeCouplingApplication\KratosDEMFEMVolumeCouplingCore.vcxproj]
C:\KRATOS\Kratos\applications\DEMFEMVolumeCouplingApplication\DEMFEM_volume_coupling_application.cpp(45,84): error C2065: 'NodeType': undeclared identifier [C:\KRATOS\Kratos\build\FullDebug\applications\DEMFEMVolumeCouplingApplication\KratosDEMFEMVolumeCouplingCore.vcxproj]
C:\KRATOS\Kratos\applications\DEMFEMVolumeCouplingApplication\DEMFEM_volume_coupling_application.cpp(45,72): error C2923: 'Kratos::Triangle2D3': 'NodeType' is not a valid template type argument for parameter 'TPointType' [C:\KRATOS\Kratos\build\FullDebug\applications\DEMFEMVolumeCouplingApplication\KratosDEMFEMVolumeCouplingCore.vcxproj]
C:\KRATOS\Kratos\applications\DEMFEMVolumeCouplingApplication\DEMFEM_volume_coupling_application.cpp(45): message : see declaration of 'NodeType' [C:\KRATOS\Kratos\build\FullDebug\applications\DEMFEMVolumeCouplingApplication\KratosDEMFEMVolumeCouplingCore.vcxproj]
C:\KRATOS\Kratos\applications\DEMFEMVolumeCouplingApplication\DEMFEM_volume_coupling_application.cpp(45,138): error C4430: missing type specifier - int assumed. Note: C++ does not support default-int [C:\KRATOS\Kratos\build\FullDebug\applications\DEMFEMVolumeCouplingApplication\KratosDEMFEMVolumeCouplingCore.vcxproj]
C:\KRATOS\Kratos\applications\DEMFEMVolumeCouplingApplication\DEMFEM_volume_coupling_application.cpp(45,138): error C2440: 'initializing': cannot convert from 'initializer list' to 'int' [C:\KRATOS\Kratos\build\FullDebug\applications\DEMFEMVolumeCouplingApplication\KratosDEMFEMVolumeCouplingCore.vcxproj]
C:\KRATOS\Kratos\applications\DEMFEMVolumeCouplingApplication\DEMFEM_volume_coupling_application.cpp(45,33): message : The initializer contains too many elements [C:\KRATOS\Kratos\build\FullDebug\applications\DEMFEMVolumeCouplingApplication\KratosDEMFEMVolumeCouplingCore.vcxproj]
C:\KRATOS\Kratos\applications\DEMFEMVolumeCouplingApplication\DEMFEM_volume_coupling_application.cpp(46,89): error C2065: 'NodeType': undeclared identifier [C:\KRATOS\Kratos\build\FullDebug\applications\DEMFEMVolumeCouplingApplication\KratosDEMFEMVolumeCouplingCore.vcxproj]
C:\KRATOS\Kratos\applications\DEMFEMVolumeCouplingApplication\DEMFEM_volume_coupling_application.cpp(46,72): error C2923: 'Kratos::Quadrilateral2D4': 'NodeType' is not a valid template type argument for parameter 'TPointType' [C:\KRATOS\Kratos\build\FullDebug\applications\DEMFEMVolumeCouplingApplication\KratosDEMFEMVolumeCouplingCore.vcxproj]
C:\KRATOS\Kratos\applications\DEMFEMVolumeCouplingApplication\DEMFEM_volume_coupling_application.cpp(46): message : see declaration of 'NodeType' [C:\KRATOS\Kratos\build\FullDebug\applications\DEMFEMVolumeCouplingApplication\KratosDEMFEMVolumeCouplingCore.vcxproj]
C:\KRATOS\Kratos\applications\DEMFEMVolumeCouplingApplication\DEMFEM_volume_coupling_application.cpp(46,143): error C4430: missing type specifier - int assumed. Note: C++ does not support default-int [C:\KRATOS\Kratos\build\FullDebug\applications\DEMFEMVolumeCouplingApplication\KratosDEMFEMVolumeCouplingCore.vcxproj]
C:\KRATOS\Kratos\applications\DEMFEMVolumeCouplingApplication\DEMFEM_volume_coupling_application.cpp(46,143): error C2440: 'initializing': cannot convert from 'initializer list' to 'int' [C:\KRATOS\Kratos\build\FullDebug\applications\DEMFEMVolumeCouplingApplication\KratosDEMFEMVolumeCouplingCore.vcxproj]
C:\KRATOS\Kratos\applications\DEMFEMVolumeCouplingApplication\DEMFEM_volume_coupling_application.cpp(46,33): message : The initializer contains too many elements [C:\KRATOS\Kratos\build\FullDebug\applications\DEMFEMVolumeCouplingApplication\KratosDEMFEMVolumeCouplingCore.vcxproj]
C:\KRATOS\Kratos\applications\DEMFEMVolumeCouplingApplication\DEMFEM_volume_coupling_application.cpp(47,84): error C2065: 'NodeType': undeclared identifier [C:\KRATOS\Kratos\build\FullDebug\applications\DEMFEMVolumeCouplingApplication\KratosDEMFEMVolumeCouplingCore.vcxproj]
C:\KRATOS\Kratos\applications\DEMFEMVolumeCouplingApplication\DEMFEM_volume_coupling_application.cpp(47,72): error C2923: 'Kratos::Triangle2D6': 'NodeType' is not a valid template type argument for parameter 'TPointType' [C:\KRATOS\Kratos\build\FullDebug\applications\DEMFEMVolumeCouplingApplication\KratosDEMFEMVolumeCouplingCore.vcxproj]
C:\KRATOS\Kratos\applications\DEMFEMVolumeCouplingApplication\DEMFEM_volume_coupling_application.cpp(47): message : see declaration of 'NodeType' [C:\KRATOS\Kratos\build\FullDebug\applications\DEMFEMVolumeCouplingApplication\KratosDEMFEMVolumeCouplingCore.vcxproj]
C:\KRATOS\Kratos\applications\DEMFEMVolumeCouplingApplication\DEMFEM_volume_coupling_application.cpp(47,138): error C4430: missing type specifier - int assumed. Note: C++ does not support default-int [C:\KRATOS\Kratos\build\FullDebug\applications\DEMFEMVolumeCouplingApplication\KratosDEMFEMVolumeCouplingCore.vcxproj]
C:\KRATOS\Kratos\applications\DEMFEMVolumeCouplingApplication\DEMFEM_volume_coupling_application.cpp(47,138): error C2440: 'initializing': cannot convert from 'initializer list' to 'int' [C:\KRATOS\Kratos\build\FullDebug\applications\DEMFEMVolumeCouplingApplication\KratosDEMFEMVolumeCouplingCore.vcxproj]
C:\KRATOS\Kratos\applications\DEMFEMVolumeCouplingApplication\DEMFEM_volume_coupling_application.cpp(47,33): message : The initializer contains too many elements [C:\KRATOS\Kratos\build\FullDebug\applications\DEMFEMVolumeCouplingApplication\KratosDEMFEMVolumeCouplingCore.vcxproj]
C:\KRATOS\Kratos\applications\DEMFEMVolumeCouplingApplication\DEMFEM_volume_coupling_application.cpp(48,89): error C2065: 'NodeType': undeclared identifier [C:\KRATOS\Kratos\build\FullDebug\applications\DEMFEMVolumeCouplingApplication\KratosDEMFEMVolumeCouplingCore.vcxproj]
C:\KRATOS\Kratos\applications\DEMFEMVolumeCouplingApplication\DEMFEM_volume_coupling_application.cpp(48,72): error C2923: 'Kratos::Quadrilateral2D8': 'NodeType' is not a valid template type argument for parameter 'TPointType' [C:\KRATOS\Kratos\build\FullDebug\applications\DEMFEMVolumeCouplingApplication\KratosDEMFEMVolumeCouplingCore.vcxproj]
C:\KRATOS\Kratos\applications\DEMFEMVolumeCouplingApplication\DEMFEM_volume_coupling_application.cpp(48): message : see declaration of 'NodeType' [C:\KRATOS\Kratos\build\FullDebug\applications\DEMFEMVolumeCouplingApplication\KratosDEMFEMVolumeCouplingCore.vcxproj]
C:\KRATOS\Kratos\applications\DEMFEMVolumeCouplingApplication\DEMFEM_volume_coupling_application.cpp(48,143): error C4430: missing type specifier - int assumed. Note: C++ does not support default-int [C:\KRATOS\Kratos\build\FullDebug\applications\DEMFEMVolumeCouplingApplication\KratosDEMFEMVolumeCouplingCore.vcxproj]
C:\KRATOS\Kratos\applications\DEMFEMVolumeCouplingApplication\DEMFEM_volume_coupling_application.cpp(48,143): error C2440: 'initializing': cannot convert from 'initializer list' to 'int' [C:\KRATOS\Kratos\build\FullDebug\applications\DEMFEMVolumeCouplingApplication\KratosDEMFEMVolumeCouplingCore.vcxproj]
C:\KRATOS\Kratos\applications\DEMFEMVolumeCouplingApplication\DEMFEM_volume_coupling_application.cpp(48,33): message : The initializer contains too many elements [C:\KRATOS\Kratos\build\FullDebug\applications\DEMFEMVolumeCouplingApplication\KratosDEMFEMVolumeCouplingCore.vcxproj]
C:\KRATOS\Kratos\applications\DEMFEMVolumeCouplingApplication\DEMFEM_volume_coupling_application.cpp(49,89): error C2065: 'NodeType': undeclared identifier [C:\KRATOS\Kratos\build\FullDebug\applications\DEMFEMVolumeCouplingApplication\KratosDEMFEMVolumeCouplingCore.vcxproj]
C:\KRATOS\Kratos\applications\DEMFEMVolumeCouplingApplication\DEMFEM_volume_coupling_application.cpp(49,72): error C2923: 'Kratos::Quadrilateral2D9': 'NodeType' is not a valid template type argument for parameter 'TPointType' [C:\KRATOS\Kratos\build\FullDebug\applications\DEMFEMVolumeCouplingApplication\KratosDEMFEMVolumeCouplingCore.vcxproj]
C:\KRATOS\Kratos\applications\DEMFEMVolumeCouplingApplication\DEMFEM_volume_coupling_application.cpp(49): message : see declaration of 'NodeType' [C:\KRATOS\Kratos\build\FullDebug\applications\DEMFEMVolumeCouplingApplication\KratosDEMFEMVolumeCouplingCore.vcxproj]
C:\KRATOS\Kratos\applications\DEMFEMVolumeCouplingApplication\DEMFEM_volume_coupling_application.cpp(49,143): error C4430: missing type specifier - int assumed. Note: C++ does not support default-int [C:\KRATOS\Kratos\build\FullDebug\applications\DEMFEMVolumeCouplingApplication\KratosDEMFEMVolumeCouplingCore.vcxproj]
C:\KRATOS\Kratos\applications\DEMFEMVolumeCouplingApplication\DEMFEM_volume_coupling_application.cpp(49,143): error C2440: 'initializing': cannot convert from 'initializer list' to 'int' [C:\KRATOS\Kratos\build\FullDebug\applications\DEMFEMVolumeCouplingApplication\KratosDEMFEMVolumeCouplingCore.vcxproj]
C:\KRATOS\Kratos\applications\DEMFEMVolumeCouplingApplication\DEMFEM_volume_coupling_application.cpp(49,33): message : The initializer contains too many elements [C:\KRATOS\Kratos\build\FullDebug\applications\DEMFEMVolumeCouplingApplication\KratosDEMFEMVolumeCouplingCore.vcxproj]
C:\KRATOS\Kratos\applications\DEMFEMVolumeCouplingApplication\DEMFEM_volume_coupling_application.cpp(50,86): error C2065: 'NodeType': undeclared identifier [C:\KRATOS\Kratos\build\FullDebug\applications\DEMFEMVolumeCouplingApplication\KratosDEMFEMVolumeCouplingCore.vcxproj]
C:\KRATOS\Kratos\applications\DEMFEMVolumeCouplingApplication\DEMFEM_volume_coupling_application.cpp(50,73): error C2923: 'Kratos::Triangle2D10': 'NodeType' is not a valid template type argument for parameter 'TPointType' [C:\KRATOS\Kratos\build\FullDebug\applications\DEMFEMVolumeCouplingApplication\KratosDEMFEMVolumeCouplingCore.vcxproj]
C:\KRATOS\Kratos\applications\DEMFEMVolumeCouplingApplication\DEMFEM_volume_coupling_application.cpp(50): message : see declaration of 'NodeType' [C:\KRATOS\Kratos\build\FullDebug\applications\DEMFEMVolumeCouplingApplication\KratosDEMFEMVolumeCouplingCore.vcxproj]
C:\KRATOS\Kratos\applications\DEMFEMVolumeCouplingApplication\DEMFEM_volume_coupling_application.cpp(50,141): error C4430: missing type specifier - int assumed. Note: C++ does not support default-int [C:\KRATOS\Kratos\build\FullDebug\applications\DEMFEMVolumeCouplingApplication\KratosDEMFEMVolumeCouplingCore.vcxproj]
C:\KRATOS\Kratos\applications\DEMFEMVolumeCouplingApplication\DEMFEM_volume_coupling_application.cpp(50,141): error C2440: 'initializing': cannot convert from 'initializer list' to 'int' [C:\KRATOS\Kratos\build\FullDebug\applications\DEMFEMVolumeCouplingApplication\KratosDEMFEMVolumeCouplingCore.vcxproj]
C:\KRATOS\Kratos\applications\DEMFEMVolumeCouplingApplication\DEMFEM_volume_coupling_application.cpp(50,34): message : The initializer contains too many elements [C:\KRATOS\Kratos\build\FullDebug\applications\DEMFEMVolumeCouplingApplication\KratosDEMFEMVolumeCouplingCore.vcxproj]
C:\KRATOS\Kratos\applications\DEMFEMVolumeCouplingApplication\DEMFEM_volume_coupling_application.cpp(51,86): error C2065: 'NodeType': undeclared identifier [C:\KRATOS\Kratos\build\FullDebug\applications\DEMFEMVolumeCouplingApplication\KratosDEMFEMVolumeCouplingCore.vcxproj]
C:\KRATOS\Kratos\applications\DEMFEMVolumeCouplingApplication\DEMFEM_volume_coupling_application.cpp(51,73): error C2923: 'Kratos::Triangle2D15': 'NodeType' is not a valid template type argument for parameter 'TPointType' [C:\KRATOS\Kratos\build\FullDebug\applications\DEMFEMVolumeCouplingApplication\KratosDEMFEMVolumeCouplingCore.vcxproj]
C:\KRATOS\Kratos\applications\DEMFEMVolumeCouplingApplication\DEMFEM_volume_coupling_application.cpp(51): message : see declaration of 'NodeType' [C:\KRATOS\Kratos\build\FullDebug\applications\DEMFEMVolumeCouplingApplication\KratosDEMFEMVolumeCouplingCore.vcxproj]
C:\KRATOS\Kratos\applications\DEMFEMVolumeCouplingApplication\DEMFEM_volume_coupling_application.cpp(51,141): error C4430: missing type specifier - int assumed. Note: C++ does not support default-int [C:\KRATOS\Kratos\build\FullDebug\applications\DEMFEMVolumeCouplingApplication\KratosDEMFEMVolumeCouplingCore.vcxproj]
C:\KRATOS\Kratos\applications\DEMFEMVolumeCouplingApplication\DEMFEM_volume_coupling_application.cpp(51,141): error C2440: 'initializing': cannot convert from 'initializer list' to 'int' [C:\KRATOS\Kratos\build\FullDebug\applications\DEMFEMVolumeCouplingApplication\KratosDEMFEMVolumeCouplingCore.vcxproj]
C:\KRATOS\Kratos\applications\DEMFEMVolumeCouplingApplication\DEMFEM_volume_coupling_application.cpp(51,34): message : The initializer contains too many elements [C:\KRATOS\Kratos\build\FullDebug\applications\DEMFEMVolumeCouplingApplication\KratosDEMFEMVolumeCouplingCore.vcxproj]
C:\KRATOS\Kratos\applications\DEMFEMVolumeCouplingApplication\DEMFEM_volume_coupling_application.cpp(52,86): error C2065: 'NodeType': undeclared identifier [C:\KRATOS\Kratos\build\FullDebug\applications\DEMFEMVolumeCouplingApplication\KratosDEMFEMVolumeCouplingCore.vcxproj]
C:\KRATOS\Kratos\applications\DEMFEMVolumeCouplingApplication\DEMFEM_volume_coupling_application.cpp(52,72): error C2923: 'Kratos::Tetrahedra3D4': 'NodeType' is not a valid template type argument for parameter 'TPointType' [C:\KRATOS\Kratos\build\FullDebug\applications\DEMFEMVolumeCouplingApplication\KratosDEMFEMVolumeCouplingCore.vcxproj]
C:\KRATOS\Kratos\applications\DEMFEMVolumeCouplingApplication\DEMFEM_volume_coupling_application.cpp(52): message : see declaration of 'NodeType' [C:\KRATOS\Kratos\build\FullDebug\applications\DEMFEMVolumeCouplingApplication\KratosDEMFEMVolumeCouplingCore.vcxproj]
C:\KRATOS\Kratos\applications\DEMFEMVolumeCouplingApplication\DEMFEM_volume_coupling_application.cpp(52,140): error C4430: missing type specifier - int assumed. Note: C++ does not support default-int [C:\KRATOS\Kratos\build\FullDebug\applications\DEMFEMVolumeCouplingApplication\KratosDEMFEMVolumeCouplingCore.vcxproj]
C:\KRATOS\Kratos\applications\DEMFEMVolumeCouplingApplication\DEMFEM_volume_coupling_application.cpp(52,140): error C2440: 'initializing': cannot convert from 'initializer list' to 'int' [C:\KRATOS\Kratos\build\FullDebug\applications\DEMFEMVolumeCouplingApplication\KratosDEMFEMVolumeCouplingCore.vcxproj]
C:\KRATOS\Kratos\applications\DEMFEMVolumeCouplingApplication\DEMFEM_volume_coupling_application.cpp(52,33): message : The initializer contains too many elements [C:\KRATOS\Kratos\build\FullDebug\applications\DEMFEMVolumeCouplingApplication\KratosDEMFEMVolumeCouplingCore.vcxproj]
C:\KRATOS\Kratos\applications\DEMFEMVolumeCouplingApplication\DEMFEM_volume_coupling_application.cpp(53,83): error C2065: 'NodeType': undeclared identifier [C:\KRATOS\Kratos\build\FullDebug\applications\DEMFEMVolumeCouplingApplication\KratosDEMFEMVolumeCouplingCore.vcxproj]
C:\KRATOS\Kratos\applications\DEMFEMVolumeCouplingApplication\DEMFEM_volume_coupling_application.cpp(53,72): error C2923: 'Kratos::Pyramid3D5': 'NodeType' is not a valid template type argument for parameter 'TPointType' [C:\KRATOS\Kratos\build\FullDebug\applications\DEMFEMVolumeCouplingApplication\KratosDEMFEMVolumeCouplingCore.vcxproj]
C:\KRATOS\Kratos\applications\DEMFEMVolumeCouplingApplication\DEMFEM_volume_coupling_application.cpp(53): message : see declaration of 'NodeType' [C:\KRATOS\Kratos\build\FullDebug\applications\DEMFEMVolumeCouplingApplication\KratosDEMFEMVolumeCouplingCore.vcxproj]
C:\KRATOS\Kratos\applications\DEMFEMVolumeCouplingApplication\DEMFEM_volume_coupling_application.cpp(53,137): error C4430: missing type specifier - int assumed. Note: C++ does not support default-int [C:\KRATOS\Kratos\build\FullDebug\applications\DEMFEMVolumeCouplingApplication\KratosDEMFEMVolumeCouplingCore.vcxproj]
C:\KRATOS\Kratos\applications\DEMFEMVolumeCouplingApplication\DEMFEM_volume_coupling_application.cpp(53,137): error C2440: 'initializing': cannot convert from 'initializer list' to 'int' [C:\KRATOS\Kratos\build\FullDebug\applications\DEMFEMVolumeCouplingApplication\KratosDEMFEMVolumeCouplingCore.vcxproj]
C:\KRATOS\Kratos\applications\DEMFEMVolumeCouplingApplication\DEMFEM_volume_coupling_application.cpp(53,33): message : The initializer contains too many elements [C:\KRATOS\Kratos\build\FullDebug\applications\DEMFEMVolumeCouplingApplication\KratosDEMFEMVolumeCouplingCore.vcxproj]
C:\KRATOS\Kratos\applications\DEMFEMVolumeCouplingApplication\DEMFEM_volume_coupling_application.cpp(54,81): error C2065: 'NodeType': undeclared identifier [C:\KRATOS\Kratos\build\FullDebug\applications\DEMFEMVolumeCouplingApplication\KratosDEMFEMVolumeCouplingCore.vcxproj]
C:\KRATOS\Kratos\applications\DEMFEMVolumeCouplingApplication\DEMFEM_volume_coupling_application.cpp(54,72): error C2923: 'Kratos::Prism3D6': 'NodeType' is not a valid template type argument for parameter 'TPointType' [C:\KRATOS\Kratos\build\FullDebug\applications\DEMFEMVolumeCouplingApplication\KratosDEMFEMVolumeCouplingCore.vcxproj]
C:\KRATOS\Kratos\applications\DEMFEMVolumeCouplingApplication\DEMFEM_volume_coupling_application.cpp(54): message : see declaration of 'NodeType' [C:\KRATOS\Kratos\build\FullDebug\applications\DEMFEMVolumeCouplingApplication\KratosDEMFEMVolumeCouplingCore.vcxproj]
C:\KRATOS\Kratos\applications\DEMFEMVolumeCouplingApplication\DEMFEM_volume_coupling_application.cpp(54,135): error C4430: missing type specifier - int assumed. Note: C++ does not support default-int [C:\KRATOS\Kratos\build\FullDebug\applications\DEMFEMVolumeCouplingApplication\KratosDEMFEMVolumeCouplingCore.vcxproj]
C:\KRATOS\Kratos\applications\DEMFEMVolumeCouplingApplication\DEMFEM_volume_coupling_application.cpp(54,135): error C2440: 'initializing': cannot convert from 'initializer list' to 'int' [C:\KRATOS\Kratos\build\FullDebug\applications\DEMFEMVolumeCouplingApplication\KratosDEMFEMVolumeCouplingCore.vcxproj]
C:\KRATOS\Kratos\applications\DEMFEMVolumeCouplingApplication\DEMFEM_volume_coupling_application.cpp(54,33): message : The initializer contains too many elements [C:\KRATOS\Kratos\build\FullDebug\applications\DEMFEMVolumeCouplingApplication\KratosDEMFEMVolumeCouplingCore.vcxproj]
C:\KRATOS\Kratos\applications\DEMFEMVolumeCouplingApplication\DEMFEM_volume_coupling_application.cpp(55,85): error C2065: 'NodeType': undeclared identifier [C:\KRATOS\Kratos\build\FullDebug\applications\DEMFEMVolumeCouplingApplication\KratosDEMFEMVolumeCouplingCore.vcxproj]
C:\KRATOS\Kratos\applications\DEMFEMVolumeCouplingApplication\DEMFEM_volume_coupling_application.cpp(55,72): error C2923: 'Kratos::Hexahedra3D8': 'NodeType' is not a valid template type argument for parameter 'TPointType' [C:\KRATOS\Kratos\build\FullDebug\applications\DEMFEMVolumeCouplingApplication\KratosDEMFEMVolumeCouplingCore.vcxproj]
C:\KRATOS\Kratos\applications\DEMFEMVolumeCouplingApplication\DEMFEM_volume_coupling_application.cpp(55): message : see declaration of 'NodeType' [C:\KRATOS\Kratos\build\FullDebug\applications\DEMFEMVolumeCouplingApplication\KratosDEMFEMVolumeCouplingCore.vcxproj]
C:\KRATOS\Kratos\applications\DEMFEMVolumeCouplingApplication\DEMFEM_volume_coupling_application.cpp(55,139): error C4430: missing type specifier - int assumed. Note: C++ does not support default-int [C:\KRATOS\Kratos\build\FullDebug\applications\DEMFEMVolumeCouplingApplication\KratosDEMFEMVolumeCouplingCore.vcxproj]
C:\KRATOS\Kratos\applications\DEMFEMVolumeCouplingApplication\DEMFEM_volume_coupling_application.cpp(55,139): error C2440: 'initializing': cannot convert from 'initializer list' to 'int' [C:\KRATOS\Kratos\build\FullDebug\applications\DEMFEMVolumeCouplingApplication\KratosDEMFEMVolumeCouplingCore.vcxproj]
C:\KRATOS\Kratos\applications\DEMFEMVolumeCouplingApplication\DEMFEM_volume_coupling_application.cpp(55,33): message : The initializer contains too many elements [C:\KRATOS\Kratos\build\FullDebug\applications\DEMFEMVolumeCouplingApplication\KratosDEMFEMVolumeCouplingCore.vcxproj]
C:\KRATOS\Kratos\applications\DEMFEMVolumeCouplingApplication\DEMFEM_volume_coupling_application.cpp(56,88): error C2065: 'NodeType': undeclared identifier [C:\KRATOS\Kratos\build\FullDebug\applications\DEMFEMVolumeCouplingApplication\KratosDEMFEMVolumeCouplingCore.vcxproj]
C:\KRATOS\Kratos\applications\DEMFEMVolumeCouplingApplication\DEMFEM_volume_coupling_application.cpp(56,73): error C2923: 'Kratos::Tetrahedra3D10': 'NodeType' is not a valid template type argument for parameter 'TPointType' [C:\KRATOS\Kratos\build\FullDebug\applications\DEMFEMVolumeCouplingApplication\KratosDEMFEMVolumeCouplingCore.vcxproj]
C:\KRATOS\Kratos\applications\DEMFEMVolumeCouplingApplication\DEMFEM_volume_coupling_application.cpp(56): message : see declaration of 'NodeType' [C:\KRATOS\Kratos\build\FullDebug\applications\DEMFEMVolumeCouplingApplication\KratosDEMFEMVolumeCouplingCore.vcxproj]
C:\KRATOS\Kratos\applications\DEMFEMVolumeCouplingApplication\DEMFEM_volume_coupling_application.cpp(56,143): error C4430: missing type specifier - int assumed. Note: C++ does not support default-int [C:\KRATOS\Kratos\build\FullDebug\applications\DEMFEMVolumeCouplingApplication\KratosDEMFEMVolumeCouplingCore.vcxproj]
C:\KRATOS\Kratos\applications\DEMFEMVolumeCouplingApplication\DEMFEM_volume_coupling_application.cpp(56,143): error C2440: 'initializing': cannot convert from 'initializer list' to 'int' [C:\KRATOS\Kratos\build\FullDebug\applications\DEMFEMVolumeCouplingApplication\KratosDEMFEMVolumeCouplingCore.vcxproj]
C:\KRATOS\Kratos\applications\DEMFEMVolumeCouplingApplication\DEMFEM_volume_coupling_application.cpp(56,34): message : The initializer contains too many elements [C:\KRATOS\Kratos\build\FullDebug\applications\DEMFEMVolumeCouplingApplication\KratosDEMFEMVolumeCouplingCore.vcxproj]
C:\KRATOS\Kratos\applications\DEMFEMVolumeCouplingApplication\DEMFEM_volume_coupling_application.cpp(57,85): error C2065: 'NodeType': undeclared identifier [C:\KRATOS\Kratos\build\FullDebug\applications\DEMFEMVolumeCouplingApplication\KratosDEMFEMVolumeCouplingCore.vcxproj]
C:\KRATOS\Kratos\applications\DEMFEMVolumeCouplingApplication\DEMFEM_volume_coupling_application.cpp(57,73): error C2923: 'Kratos::Pyramid3D13': 'NodeType' is not a valid template type argument for parameter 'TPointType' [C:\KRATOS\Kratos\build\FullDebug\applications\DEMFEMVolumeCouplingApplication\KratosDEMFEMVolumeCouplingCore.vcxproj]
C:\KRATOS\Kratos\applications\DEMFEMVolumeCouplingApplication\DEMFEM_volume_coupling_application.cpp(57): message : see declaration of 'NodeType' [C:\KRATOS\Kratos\build\FullDebug\applications\DEMFEMVolumeCouplingApplication\KratosDEMFEMVolumeCouplingCore.vcxproj]
C:\KRATOS\Kratos\applications\DEMFEMVolumeCouplingApplication\DEMFEM_volume_coupling_application.cpp(57,140): error C4430: missing type specifier - int assumed. Note: C++ does not support default-int [C:\KRATOS\Kratos\build\FullDebug\applications\DEMFEMVolumeCouplingApplication\KratosDEMFEMVolumeCouplingCore.vcxproj]
C:\KRATOS\Kratos\applications\DEMFEMVolumeCouplingApplication\DEMFEM_volume_coupling_application.cpp(57,140): error C2440: 'initializing': cannot convert from 'initializer list' to 'int' [C:\KRATOS\Kratos\build\FullDebug\applications\DEMFEMVolumeCouplingApplication\KratosDEMFEMVolumeCouplingCore.vcxproj]
C:\KRATOS\Kratos\applications\DEMFEMVolumeCouplingApplication\DEMFEM_volume_coupling_application.cpp(57,34): message : The initializer contains too many elements [C:\KRATOS\Kratos\build\FullDebug\applications\DEMFEMVolumeCouplingApplication\KratosDEMFEMVolumeCouplingCore.vcxproj]
C:\KRATOS\Kratos\applications\DEMFEMVolumeCouplingApplication\DEMFEM_volume_coupling_application.cpp(58,83): error C2065: 'NodeType': undeclared identifier [C:\KRATOS\Kratos\build\FullDebug\applications\DEMFEMVolumeCouplingApplication\KratosDEMFEMVolumeCouplingCore.vcxproj]
C:\KRATOS\Kratos\applications\DEMFEMVolumeCouplingApplication\DEMFEM_volume_coupling_application.cpp(58,73): error C2923: 'Kratos::Prism3D15': 'NodeType' is not a valid template type argument for parameter 'TPointType' [C:\KRATOS\Kratos\build\FullDebug\applications\DEMFEMVolumeCouplingApplication\KratosDEMFEMVolumeCouplingCore.vcxproj]
C:\KRATOS\Kratos\applications\DEMFEMVolumeCouplingApplication\DEMFEM_volume_coupling_application.cpp(58): message : see declaration of 'NodeType' [C:\KRATOS\Kratos\build\FullDebug\applications\DEMFEMVolumeCouplingApplication\KratosDEMFEMVolumeCouplingCore.vcxproj]
C:\KRATOS\Kratos\applications\DEMFEMVolumeCouplingApplication\DEMFEM_volume_coupling_application.cpp(58,138): error C4430: missing type specifier - int assumed. Note: C++ does not support default-int [C:\KRATOS\Kratos\build\FullDebug\applications\DEMFEMVolumeCouplingApplication\KratosDEMFEMVolumeCouplingCore.vcxproj]
C:\KRATOS\Kratos\applications\DEMFEMVolumeCouplingApplication\DEMFEM_volume_coupling_application.cpp(58,138): error C2440: 'initializing': cannot convert from 'initializer list' to 'int' [C:\KRATOS\Kratos\build\FullDebug\applications\DEMFEMVolumeCouplingApplication\KratosDEMFEMVolumeCouplingCore.vcxproj]
C:\KRATOS\Kratos\applications\DEMFEMVolumeCouplingApplication\DEMFEM_volume_coupling_application.cpp(58,34): message : The initializer contains too many elements [C:\KRATOS\Kratos\build\FullDebug\applications\DEMFEMVolumeCouplingApplication\KratosDEMFEMVolumeCouplingCore.vcxproj]
C:\KRATOS\Kratos\applications\DEMFEMVolumeCouplingApplication\DEMFEM_volume_coupling_application.cpp(59,87): error C2065: 'NodeType': undeclared identifier [C:\KRATOS\Kratos\build\FullDebug\applications\DEMFEMVolumeCouplingApplication\KratosDEMFEMVolumeCouplingCore.vcxproj]
C:\KRATOS\Kratos\applications\DEMFEMVolumeCouplingApplication\DEMFEM_volume_coupling_application.cpp(59,73): error C2923: 'Kratos::Hexahedra3D20': 'NodeType' is not a valid template type argument for parameter 'TPointType' [C:\KRATOS\Kratos\build\FullDebug\applications\DEMFEMVolumeCouplingApplication\KratosDEMFEMVolumeCouplingCore.vcxproj]
C:\KRATOS\Kratos\applications\DEMFEMVolumeCouplingApplication\DEMFEM_volume_coupling_application.cpp(59): message : see declaration of 'NodeType' [C:\KRATOS\Kratos\build\FullDebug\applications\DEMFEMVolumeCouplingApplication\KratosDEMFEMVolumeCouplingCore.vcxproj]
C:\KRATOS\Kratos\applications\DEMFEMVolumeCouplingApplication\DEMFEM_volume_coupling_application.cpp(59,142): error C4430: missing type specifier - int assumed. Note: C++ does not support default-int [C:\KRATOS\Kratos\build\FullDebug\applications\DEMFEMVolumeCouplingApplication\KratosDEMFEMVolumeCouplingCore.vcxproj]
C:\KRATOS\Kratos\applications\DEMFEMVolumeCouplingApplication\DEMFEM_volume_coupling_application.cpp(59,142): error C2440: 'initializing': cannot convert from 'initializer list' to 'int' [C:\KRATOS\Kratos\build\FullDebug\applications\DEMFEMVolumeCouplingApplication\KratosDEMFEMVolumeCouplingCore.vcxproj]
C:\KRATOS\Kratos\applications\DEMFEMVolumeCouplingApplication\DEMFEM_volume_coupling_application.cpp(59,34): message : The initializer contains too many elements [C:\KRATOS\Kratos\build\FullDebug\applications\DEMFEMVolumeCouplingApplication\KratosDEMFEMVolumeCouplingCore.vcxproj]
C:\KRATOS\Kratos\applications\DEMFEMVolumeCouplingApplication\DEMFEM_volume_coupling_application.cpp(60,87): error C2065: 'NodeType': undeclared identifier [C:\KRATOS\Kratos\build\FullDebug\applications\DEMFEMVolumeCouplingApplication\KratosDEMFEMVolumeCouplingCore.vcxproj]
C:\KRATOS\Kratos\applications\DEMFEMVolumeCouplingApplication\DEMFEM_volume_coupling_application.cpp(60,73): error C2923: 'Kratos::Hexahedra3D27': 'NodeType' is not a valid template type argument for parameter 'TPointType' [C:\KRATOS\Kratos\build\FullDebug\applications\DEMFEMVolumeCouplingApplication\KratosDEMFEMVolumeCouplingCore.vcxproj]
C:\KRATOS\Kratos\applications\DEMFEMVolumeCouplingApplication\DEMFEM_volume_coupling_application.cpp(60): message : see declaration of 'NodeType' [C:\KRATOS\Kratos\build\FullDebug\applications\DEMFEMVolumeCouplingApplication\KratosDEMFEMVolumeCouplingCore.vcxproj]
C:\KRATOS\Kratos\applications\DEMFEMVolumeCouplingApplication\DEMFEM_volume_coupling_application.cpp(60,142): error C4430: missing type specifier - int assumed. Note: C++ does not support default-int [C:\KRATOS\Kratos\build\FullDebug\applications\DEMFEMVolumeCouplingApplication\KratosDEMFEMVolumeCouplingCore.vcxproj]
C:\KRATOS\Kratos\applications\DEMFEMVolumeCouplingApplication\DEMFEM_volume_coupling_application.cpp(60,142): error C2440: 'initializing': cannot convert from 'initializer list' to 'int' [C:\KRATOS\Kratos\build\FullDebug\applications\DEMFEMVolumeCouplingApplication\KratosDEMFEMVolumeCouplingCore.vcxproj]
C:\KRATOS\Kratos\applications\DEMFEMVolumeCouplingApplication\DEMFEM_volume_coupling_application.cpp(60,34): message : The initializer contains too many elements [C:\KRATOS\Kratos\build\FullDebug\applications\DEMFEMVolumeCouplingApplication\KratosDEMFEMVolumeCouplingCore.vcxproj]
C:\KRATOS\Kratos\applications\DEMFEMVolumeCouplingApplication\DEMFEM_volume_coupling_application.cpp(62,6): error C2062: type 'void' unexpected [C:\KRATOS\Kratos\build\FullDebug\applications\DEMFEMVolumeCouplingApplication\KratosDEMFEMVolumeCouplingCore.vcxproj]
C:\KRATOS\Kratos\applications\DEMFEMVolumeCouplingApplication\DEMFEM_volume_coupling_application.cpp(62,55): error C2143: syntax error: missing ';' before '{' [C:\KRATOS\Kratos\build\FullDebug\applications\DEMFEMVolumeCouplingApplication\KratosDEMFEMVolumeCouplingCore.vcxproj]
C:\KRATOS\Kratos\applications\DEMFEMVolumeCouplingApplication\DEMFEM_volume_coupling_application.cpp(62,55): error C2447: '{': missing function header (old-style formal list?) [C:\KRATOS\Kratos\build\FullDebug\applications\DEMFEMVolumeCouplingApplication\KratosDEMFEMVolumeCouplingCore.vcxproj]
  volume_coupling_element.cpp
C:\KRATOS\Kratos\applications\DEMFEMVolumeCouplingApplication\custom_elements\../DEMFEM_volume_coupling_application.h(30,3): warning C4273: 'Kratos::NODAL_COUPLING_WEIGHT': inconsistent dll linkage [C:\KRATOS\Kratos\build\FullDebug\applications\DEMFEMVolumeCouplingApplication\KratosDEMFEMVolumeCouplingCore.vcxproj]
C:\KRATOS\Kratos\applications\DEMFEMVolumeCouplingApplication\custom_elements\../DEMFEM_volume_coupling_application.h(25,3): message : see previous definition of 'NODAL_COUPLING_WEIGHT' [C:\KRATOS\Kratos\build\FullDebug\applications\DEMFEMVolumeCouplingApplication\KratosDEMFEMVolumeCouplingCore.vcxproj]
C:\KRATOS\Kratos\applications\DEMFEMVolumeCouplingApplication\custom_elements\../DEMFEM_volume_coupling_application.h(31,3): warning C4273: 'Kratos::PARTICLE_COUPLING_WEIGHT': inconsistent dll linkage [C:\KRATOS\Kratos\build\FullDebug\applications\DEMFEMVolumeCouplingApplication\KratosDEMFEMVolumeCouplingCore.vcxproj]
C:\KRATOS\Kratos\applications\DEMFEMVolumeCouplingApplication\custom_elements\../DEMFEM_volume_coupling_application.h(26,3): message : see previous definition of 'PARTICLE_COUPLING_WEIGHT' [C:\KRATOS\Kratos\build\FullDebug\applications\DEMFEMVolumeCouplingApplication\KratosDEMFEMVolumeCouplingCore.vcxproj]
C:\KRATOS\Kratos\applications\DEMFEMVolumeCouplingApplication\custom_elements\../DEMFEM_volume_coupling_application.h(32,3): warning C4273: 'Kratos::DISPLACEMENT_MULTIPLIED_MASS': inconsistent dll linkage [C:\KRATOS\Kratos\build\FullDebug\applications\DEMFEMVolumeCouplingApplication\KratosDEMFEMVolumeCouplingCore.vcxproj]
C:\KRATOS\Kratos\applications\DEMFEMVolumeCouplingApplication\custom_elements\../DEMFEM_volume_coupling_application.h(27,3): message : see previous definition of 'DISPLACEMENT_MULTIPLIED_MASS' [C:\KRATOS\Kratos\build\FullDebug\applications\DEMFEMVolumeCouplingApplication\KratosDEMFEMVolumeCouplingCore.vcxproj]
C:\KRATOS\Kratos\applications\DEMFEMVolumeCouplingApplication\custom_elements\../DEMFEM_volume_coupling_application.h(32,3): warning C4273: 'Kratos::DISPLACEMENT_MULTIPLIED_MASS_X': inconsistent dll linkage [C:\KRATOS\Kratos\build\FullDebug\applications\DEMFEMVolumeCouplingApplication\KratosDEMFEMVolumeCouplingCore.vcxproj]
C:\KRATOS\Kratos\applications\DEMFEMVolumeCouplingApplication\custom_elements\../DEMFEM_volume_coupling_application.h(27,3): message : see previous definition of 'DISPLACEMENT_MULTIPLIED_MASS_X' [C:\KRATOS\Kratos\build\FullDebug\applications\DEMFEMVolumeCouplingApplication\KratosDEMFEMVolumeCouplingCore.vcxproj]
C:\KRATOS\Kratos\applications\DEMFEMVolumeCouplingApplication\custom_elements\../DEMFEM_volume_coupling_application.h(32,3): warning C4273: 'Kratos::DISPLACEMENT_MULTIPLIED_MASS_Y': inconsistent dll linkage [C:\KRATOS\Kratos\build\FullDebug\applications\DEMFEMVolumeCouplingApplication\KratosDEMFEMVolumeCouplingCore.vcxproj]
C:\KRATOS\Kratos\applications\DEMFEMVolumeCouplingApplication\custom_elements\../DEMFEM_volume_coupling_application.h(27,3): message : see previous definition of 'DISPLACEMENT_MULTIPLIED_MASS_Y' [C:\KRATOS\Kratos\build\FullDebug\applications\DEMFEMVolumeCouplingApplication\KratosDEMFEMVolumeCouplingCore.vcxproj]
C:\KRATOS\Kratos\applications\DEMFEMVolumeCouplingApplication\custom_elements\../DEMFEM_volume_coupling_application.h(32,3): warning C4273: 'Kratos::DISPLACEMENT_MULTIPLIED_MASS_Z': inconsistent dll linkage [C:\KRATOS\Kratos\build\FullDebug\applications\DEMFEMVolumeCouplingApplication\KratosDEMFEMVolumeCouplingCore.vcxproj]
C:\KRATOS\Kratos\applications\DEMFEMVolumeCouplingApplication\custom_elements\../DEMFEM_volume_coupling_application.h(27,3): message : see previous definition of 'DISPLACEMENT_MULTIPLIED_MASS_Z' [C:\KRATOS\Kratos\build\FullDebug\applications\DEMFEMVolumeCouplingApplication\KratosDEMFEMVolumeCouplingCore.vcxproj]
C:\KRATOS\Kratos\applications\DEMFEMVolumeCouplingApplication\custom_elements\../DEMFEM_volume_coupling_application.h(33,3): warning C4273: 'Kratos::DEMFEM_VOLUME_COUPLING_FORCE': inconsistent dll linkage [C:\KRATOS\Kratos\build\FullDebug\applications\DEMFEMVolumeCouplingApplication\KratosDEMFEMVolumeCouplingCore.vcxproj]
C:\KRATOS\Kratos\applications\DEMFEMVolumeCouplingApplication\custom_elements\../DEMFEM_volume_coupling_application.h(28,3): message : see previous definition of 'DEMFEM_VOLUME_COUPLING_FORCE' [C:\KRATOS\Kratos\build\FullDebug\applications\DEMFEMVolumeCouplingApplication\KratosDEMFEMVolumeCouplingCore.vcxproj]
C:\KRATOS\Kratos\applications\DEMFEMVolumeCouplingApplication\custom_elements\../DEMFEM_volume_coupling_application.h(33,3): warning C4273: 'Kratos::DEMFEM_VOLUME_COUPLING_FORCE_X': inconsistent dll linkage [C:\KRATOS\Kratos\build\FullDebug\applications\DEMFEMVolumeCouplingApplication\KratosDEMFEMVolumeCouplingCore.vcxproj]
C:\KRATOS\Kratos\applications\DEMFEMVolumeCouplingApplication\custom_elements\../DEMFEM_volume_coupling_application.h(28,3): message : see previous definition of 'DEMFEM_VOLUME_COUPLING_FORCE_X' [C:\KRATOS\Kratos\build\FullDebug\applications\DEMFEMVolumeCouplingApplication\KratosDEMFEMVolumeCouplingCore.vcxproj]
C:\KRATOS\Kratos\applications\DEMFEMVolumeCouplingApplication\custom_elements\../DEMFEM_volume_coupling_application.h(33,3): warning C4273: 'Kratos::DEMFEM_VOLUME_COUPLING_FORCE_Y': inconsistent dll linkage [C:\KRATOS\Kratos\build\FullDebug\applications\DEMFEMVolumeCouplingApplication\KratosDEMFEMVolumeCouplingCore.vcxproj]
C:\KRATOS\Kratos\applications\DEMFEMVolumeCouplingApplication\custom_elements\../DEMFEM_volume_coupling_application.h(28,3): message : see previous definition of 'DEMFEM_VOLUME_COUPLING_FORCE_Y' [C:\KRATOS\Kratos\build\FullDebug\applications\DEMFEMVolumeCouplingApplication\KratosDEMFEMVolumeCouplingCore.vcxproj]
C:\KRATOS\Kratos\applications\DEMFEMVolumeCouplingApplication\custom_elements\../DEMFEM_volume_coupling_application.h(33,3): warning C4273: 'Kratos::DEMFEM_VOLUME_COUPLING_FORCE_Z': inconsistent dll linkage [C:\KRATOS\Kratos\build\FullDebug\applications\DEMFEMVolumeCouplingApplication\KratosDEMFEMVolumeCouplingCore.vcxproj]
C:\KRATOS\Kratos\applications\DEMFEMVolumeCouplingApplication\custom_elements\../DEMFEM_volume_coupling_application.h(28,3): message : see previous definition of 'DEMFEM_VOLUME_COUPLING_FORCE_Z' [C:\KRATOS\Kratos\build\FullDebug\applications\DEMFEMVolumeCouplingApplication\KratosDEMFEMVolumeCouplingCore.vcxproj]
C:\KRATOS\Kratos\applications\DEMFEMVolumeCouplingApplication\custom_elements\../DEMFEM_volume_coupling_application.h(35,3): warning C4002: too many arguments for function-like macro invocation 'KRATOS_REGISTER_VARIABLE' [C:\KRATOS\Kratos\build\FullDebug\applications\DEMFEMVolumeCouplingApplication\KratosDEMFEMVolumeCouplingCore.vcxproj]
C:\KRATOS\Kratos\applications\DEMFEMVolumeCouplingApplication\custom_elements\../DEMFEM_volume_coupling_application.h(35,3): error C2143: syntax error: missing ')' before '.' [C:\KRATOS\Kratos\build\FullDebug\applications\DEMFEMVolumeCouplingApplication\KratosDEMFEMVolumeCouplingCore.vcxproj]
C:\KRATOS\Kratos\applications\DEMFEMVolumeCouplingApplication\custom_elements\../DEMFEM_volume_coupling_application.h(35,3): error C3484: syntax error: expected '->' before the return type [C:\KRATOS\Kratos\build\FullDebug\applications\DEMFEMVolumeCouplingApplication\KratosDEMFEMVolumeCouplingCore.vcxproj]
C:\KRATOS\Kratos\applications\DEMFEMVolumeCouplingApplication\custom_elements\../DEMFEM_volume_coupling_application.h(35,3): error C3613: missing return type after '->' ('int' assumed) [C:\KRATOS\Kratos\build\FullDebug\applications\DEMFEMVolumeCouplingApplication\KratosDEMFEMVolumeCouplingCore.vcxproj]
C:\KRATOS\Kratos\applications\DEMFEMVolumeCouplingApplication\custom_elements\../DEMFEM_volume_coupling_application.h(35,3): error C3646: 'Name': unknown override specifier [C:\KRATOS\Kratos\build\FullDebug\applications\DEMFEMVolumeCouplingApplication\KratosDEMFEMVolumeCouplingCore.vcxproj]
C:\KRATOS\Kratos\applications\DEMFEMVolumeCouplingApplication\custom_elements\../DEMFEM_volume_coupling_application.h(35,3): error C3551: if a trailing return type is used then the leading return type shall be the single type-specifier 'auto' (not 'int') [C:\KRATOS\Kratos\build\FullDebug\applications\DEMFEMVolumeCouplingApplication\KratosDEMFEMVolumeCouplingCore.vcxproj]
C:\KRATOS\Kratos\applications\DEMFEMVolumeCouplingApplication\custom_elements\../DEMFEM_volume_coupling_application.h(35,3): error C4430: missing type specifier - int assumed. Note: C++ does not support default-int [C:\KRATOS\Kratos\build\FullDebug\applications\DEMFEMVolumeCouplingApplication\KratosDEMFEMVolumeCouplingCore.vcxproj]
C:\KRATOS\Kratos\applications\DEMFEMVolumeCouplingApplication\custom_elements\../DEMFEM_volume_coupling_application.h(35,3): error C2059: syntax error: '(' [C:\KRATOS\Kratos\build\FullDebug\applications\DEMFEMVolumeCouplingApplication\KratosDEMFEMVolumeCouplingCore.vcxproj]
C:\KRATOS\Kratos\applications\DEMFEMVolumeCouplingApplication\custom_elements\../DEMFEM_volume_coupling_application.h(35,3): error C2059: syntax error: ')' [C:\KRATOS\Kratos\build\FullDebug\applications\DEMFEMVolumeCouplingApplication\KratosDEMFEMVolumeCouplingCore.vcxproj]
C:\KRATOS\Kratos\applications\DEMFEMVolumeCouplingApplication\custom_elements\../DEMFEM_volume_coupling_application.h(35,3): error C2511: 'int Kratos::KratosComponents<Kratos::VariableData>::Add(double)': overloaded member function not found in 'Kratos::KratosComponents<Kratos::VariableData>' [C:\KRATOS\Kratos\build\FullDebug\applications\DEMFEMVolumeCouplingApplication\KratosDEMFEMVolumeCouplingCore.vcxproj]
C:\KRATOS\Kratos\kratos\includes/kratos_components.h(253): message : see declaration of 'Kratos::KratosComponents<Kratos::VariableData>' [C:\KRATOS\Kratos\build\FullDebug\applications\DEMFEMVolumeCouplingApplication\KratosDEMFEMVolumeCouplingCore.vcxproj]
C:\KRATOS\Kratos\applications\DEMFEMVolumeCouplingApplication\custom_elements\../DEMFEM_volume_coupling_application.h(36,3): error C2143: syntax error: missing ')' before '.' [C:\KRATOS\Kratos\build\FullDebug\applications\DEMFEMVolumeCouplingApplication\KratosDEMFEMVolumeCouplingCore.vcxproj]
C:\KRATOS\Kratos\applications\DEMFEMVolumeCouplingApplication\custom_elements\../DEMFEM_volume_coupling_application.h(36,3): error C3484: syntax error: expected '->' before the return type [C:\KRATOS\Kratos\build\FullDebug\applications\DEMFEMVolumeCouplingApplication\KratosDEMFEMVolumeCouplingCore.vcxproj]
C:\KRATOS\Kratos\applications\DEMFEMVolumeCouplingApplication\custom_elements\../DEMFEM_volume_coupling_application.h(36,3): error C3613: missing return type after '->' ('int' assumed) [C:\KRATOS\Kratos\build\FullDebug\applications\DEMFEMVolumeCouplingApplication\KratosDEMFEMVolumeCouplingCore.vcxproj]
C:\KRATOS\Kratos\applications\DEMFEMVolumeCouplingApplication\custom_elements\../DEMFEM_volume_coupling_application.h(36,3): error C3646: 'Name': unknown override specifier [C:\KRATOS\Kratos\build\FullDebug\applications\DEMFEMVolumeCouplingApplication\KratosDEMFEMVolumeCouplingCore.vcxproj]
C:\KRATOS\Kratos\applications\DEMFEMVolumeCouplingApplication\custom_elements\../DEMFEM_volume_coupling_application.h(36,3): error C3551: if a trailing return type is used then the leading return type shall be the single type-specifier 'auto' (not 'int') [C:\KRATOS\Kratos\build\FullDebug\applications\DEMFEMVolumeCouplingApplication\KratosDEMFEMVolumeCouplingCore.vcxproj]
C:\KRATOS\Kratos\applications\DEMFEMVolumeCouplingApplication\custom_elements\../DEMFEM_volume_coupling_application.h(36,3): error C4430: missing type specifier - int assumed. Note: C++ does not support default-int [C:\KRATOS\Kratos\build\FullDebug\applications\DEMFEMVolumeCouplingApplication\KratosDEMFEMVolumeCouplingCore.vcxproj]
C:\KRATOS\Kratos\applications\DEMFEMVolumeCouplingApplication\custom_elements\../DEMFEM_volume_coupling_application.h(36,3): error C2084: function 'int Kratos::AddKratosComponent(double)' already has a body [C:\KRATOS\Kratos\build\FullDebug\applications\DEMFEMVolumeCouplingApplication\KratosDEMFEMVolumeCouplingCore.vcxproj]
C:\KRATOS\Kratos\applications\DEMFEMVolumeCouplingApplication\custom_elements\../DEMFEM_volume_coupling_application.h(35): message : see previous definition of 'AddKratosComponent' [C:\KRATOS\Kratos\build\FullDebug\applications\DEMFEMVolumeCouplingApplication\KratosDEMFEMVolumeCouplingCore.vcxproj]
C:\KRATOS\Kratos\applications\DEMFEMVolumeCouplingApplication\custom_elements\../DEMFEM_volume_coupling_application.h(36,3): error C2059: syntax error: '(' [C:\KRATOS\Kratos\build\FullDebug\applications\DEMFEMVolumeCouplingApplication\KratosDEMFEMVolumeCouplingCore.vcxproj]
C:\KRATOS\Kratos\applications\DEMFEMVolumeCouplingApplication\custom_elements\../DEMFEM_volume_coupling_application.h(36,3): error C2059: syntax error: ')' [C:\KRATOS\Kratos\build\FullDebug\applications\DEMFEMVolumeCouplingApplication\KratosDEMFEMVolumeCouplingCore.vcxproj]
C:\KRATOS\Kratos\applications\DEMFEMVolumeCouplingApplication\custom_elements\../DEMFEM_volume_coupling_application.h(36,3): error C2511: 'int Kratos::KratosComponents<Kratos::VariableData>::Add(double)': overloaded member function not found in 'Kratos::KratosComponents<Kratos::VariableData>' [C:\KRATOS\Kratos\build\FullDebug\applications\DEMFEMVolumeCouplingApplication\KratosDEMFEMVolumeCouplingCore.vcxproj]
C:\KRATOS\Kratos\kratos\includes/kratos_components.h(253): message : see declaration of 'Kratos::KratosComponents<Kratos::VariableData>' [C:\KRATOS\Kratos\build\FullDebug\applications\DEMFEMVolumeCouplingApplication\KratosDEMFEMVolumeCouplingCore.vcxproj]
C:\KRATOS\Kratos\applications\DEMFEMVolumeCouplingApplication\custom_elements\../DEMFEM_volume_coupling_application.h(37,3): error C4430: missing type specifier - int assumed. Note: C++ does not support default-int [C:\KRATOS\Kratos\build\FullDebug\applications\DEMFEMVolumeCouplingApplication\KratosDEMFEMVolumeCouplingCore.vcxproj]
C:\KRATOS\Kratos\applications\DEMFEMVolumeCouplingApplication\custom_elements\../DEMFEM_volume_coupling_application.h(37,3): error C2365: 'Kratos::AddKratosComponent': redefinition; previous definition was 'function' [C:\KRATOS\Kratos\build\FullDebug\applications\DEMFEMVolumeCouplingApplication\KratosDEMFEMVolumeCouplingCore.vcxproj]
C:\KRATOS\Kratos\applications\DEMFEMVolumeCouplingApplication\custom_elements\../DEMFEM_volume_coupling_application.h(37,3): error C2761: 'void Kratos::KratosComponents<Kratos::VariableData>::Add(const std::string &,Kratos::VariableData &)': redeclaration of member is not allowed [C:\KRATOS\Kratos\build\FullDebug\applications\DEMFEMVolumeCouplingApplication\KratosDEMFEMVolumeCouplingCore.vcxproj]
C:\KRATOS\Kratos\applications\DEMFEMVolumeCouplingApplication\custom_elements\../DEMFEM_volume_coupling_application.h(38,3): error C4430: missing type specifier - int assumed. Note: C++ does not support default-int [C:\KRATOS\Kratos\build\FullDebug\applications\DEMFEMVolumeCouplingApplication\KratosDEMFEMVolumeCouplingCore.vcxproj]
C:\KRATOS\Kratos\applications\DEMFEMVolumeCouplingApplication\custom_elements\../DEMFEM_volume_coupling_application.h(38,3): error C2365: 'Kratos::AddKratosComponent': redefinition; previous definition was 'function' [C:\KRATOS\Kratos\build\FullDebug\applications\DEMFEMVolumeCouplingApplication\KratosDEMFEMVolumeCouplingCore.vcxproj]
C:\KRATOS\Kratos\applications\DEMFEMVolumeCouplingApplication\custom_elements\../DEMFEM_volume_coupling_application.h(38,3): error C2761: 'void Kratos::KratosComponents<Kratos::VariableData>::Add(const std::string &,Kratos::VariableData &)': redeclaration of member is not allowed [C:\KRATOS\Kratos\build\FullDebug\applications\DEMFEMVolumeCouplingApplication\KratosDEMFEMVolumeCouplingCore.vcxproj]
C:\KRATOS\Kratos\applications\DEMFEMVolumeCouplingApplication\custom_elements\volume_coupling_element.cpp(38,1): warning C4273: 'Kratos::VolumeCouplingElement::GetIntegrationWeight': inconsistent dll linkage [C:\KRATOS\Kratos\build\FullDebug\applications\DEMFEMVolumeCouplingApplication\KratosDEMFEMVolumeCouplingCore.vcxproj]
C:\KRATOS\Kratos\applications\DEMFEMVolumeCouplingApplication\custom_elements/volume_coupling_element.h(37,20): message : see previous definition of 'GetIntegrationWeight' [C:\KRATOS\Kratos\build\FullDebug\applications\DEMFEMVolumeCouplingApplication\KratosDEMFEMVolumeCouplingCore.vcxproj]
C:\KRATOS\Kratos\applications\DEMFEMVolumeCouplingApplication\custom_elements\volume_coupling_element.cpp(40,38): error C2039: 'ShapeFunctionValues': is not a member of 'Kratos::Geometry<Kratos::Node>' [C:\KRATOS\Kratos\build\FullDebug\applications\DEMFEMVolumeCouplingApplication\KratosDEMFEMVolumeCouplingCore.vcxproj]
C:\KRATOS\Kratos\kratos\includes/accessor.h(49): message : see declaration of 'Kratos::Geometry<Kratos::Node>' [C:\KRATOS\Kratos\build\FullDebug\applications\DEMFEMVolumeCouplingApplication\KratosDEMFEMVolumeCouplingCore.vcxproj]
C:\KRATOS\Kratos\applications\DEMFEMVolumeCouplingApplication\custom_elements\volume_coupling_element.cpp(40,14): error C2672: 'boost::numeric::ublas::row': no matching overloaded function found [C:\KRATOS\Kratos\build\FullDebug\applications\DEMFEMVolumeCouplingApplication\KratosDEMFEMVolumeCouplingCore.vcxproj]
C:\KRATOS\Kratos\applications\DEMFEMVolumeCouplingApplication\custom_elements\volume_coupling_element.cpp(42,21): error C2143: syntax error: missing ',' before '<' [C:\KRATOS\Kratos\build\FullDebug\applications\DEMFEMVolumeCouplingApplication\KratosDEMFEMVolumeCouplingCore.vcxproj]
C:\KRATOS\Kratos\applications\DEMFEMVolumeCouplingApplication\custom_elements\volume_coupling_element.cpp(42,19): error C2086: 'int i': redefinition [C:\KRATOS\Kratos\build\FullDebug\applications\DEMFEMVolumeCouplingApplication\KratosDEMFEMVolumeCouplingCore.vcxproj]
C:\KRATOS\Kratos\applications\DEMFEMVolumeCouplingApplication\custom_elements\volume_coupling_element.cpp(42): message : see declaration of 'i' [C:\KRATOS\Kratos\build\FullDebug\applications\DEMFEMVolumeCouplingApplication\KratosDEMFEMVolumeCouplingCore.vcxproj]
C:\KRATOS\Kratos\applications\DEMFEMVolumeCouplingApplication\custom_elements\volume_coupling_element.cpp(43,5): error C2143: syntax error: missing ';' before '{' [C:\KRATOS\Kratos\build\FullDebug\applications\DEMFEMVolumeCouplingApplication\KratosDEMFEMVolumeCouplingCore.vcxproj]
C:\KRATOS\Kratos\applications\DEMFEMVolumeCouplingApplication\custom_elements\volume_coupling_element.cpp(44,54): error C3536: 'N': cannot be used before it is initialized [C:\KRATOS\Kratos\build\FullDebug\applications\DEMFEMVolumeCouplingApplication\KratosDEMFEMVolumeCouplingCore.vcxproj]
C:\KRATOS\Kratos\applications\DEMFEMVolumeCouplingApplication\custom_elements\volume_coupling_element.cpp(44,56): error C2109: subscript requires array or pointer type [C:\KRATOS\Kratos\build\FullDebug\applications\DEMFEMVolumeCouplingApplication\KratosDEMFEMVolumeCouplingCore.vcxproj]
C:\KRATOS\Kratos\applications\DEMFEMVolumeCouplingApplication\custom_elements\volume_coupling_element.cpp(44,64): error C2039: 'GetNodes': is not a member of 'Kratos::VolumeCouplingElement' [C:\KRATOS\Kratos\build\FullDebug\applications\DEMFEMVolumeCouplingApplication\KratosDEMFEMVolumeCouplingCore.vcxproj]
C:\KRATOS\Kratos\applications\DEMFEMVolumeCouplingApplication\custom_elements/volume_coupling_element.h(29): message : see declaration of 'Kratos::VolumeCouplingElement' [C:\KRATOS\Kratos\build\FullDebug\applications\DEMFEMVolumeCouplingApplication\KratosDEMFEMVolumeCouplingCore.vcxproj]
  volume_coupling_particle.cpp
C:\KRATOS\Kratos\applications\DEMFEMVolumeCouplingApplication\custom_elements\volume_coupling_particle.h(70,1): fatal error C1070: mismatched #if/#endif pair in file 'C:\KRATOS\Kratos\applications\DEMFEMVolumeCouplingApplication\custom_elements\volume_coupling_particle.h' [C:\KRATOS\Kratos\build\FullDebug\applications\DEMFEMVolumeCouplingApplication\KratosDEMFEMVolumeCouplingCore.vcxproj]
  Generating Code...

C:\KRATOS\Kratos\scripts>goto:eof
