
C:\KRATOS\Kratos\scripts>cmake -G"Visual Studio 16 2019" -H"C:\KRATOS\Kratos\scripts\.." -B"C:\KRATOS\Kratos\scripts\../build\FullDebug"          -DUSE_EIGEN_MKL=OFF                                                                                 -DINSTALL_RUNKRATOS=OFF       																		-DCMAKE_CXX_FLAGS="  "                                                  -DUSE_TRIANGLE_NONFREE_TPL=ON                                                                       -DKRATOS_GENERATE_PYTHON_STUBS=OFF 
-- Selecting Windows SDK version 10.0.19041.0 to target Windows 10.0.19045.
-- The C compiler identification is MSVC 19.29.30151.0
-- The CXX compiler identification is MSVC 19.29.30151.0
-- Detecting C compiler ABI info
-- Detecting C compiler ABI info - done
-- Check for working C compiler: C:/Program Files (x86)/Microsoft Visual Studio/2019/Community/VC/Tools/MSVC/14.29.30133/bin/Hostx64/x64/cl.exe - skipped
-- Detecting C compile features
-- Detecting C compile features - done
-- Detecting CXX compiler ABI info
-- Detecting CXX compiler ABI info - done
-- Check for working CXX compiler: C:/Program Files (x86)/Microsoft Visual Studio/2019/Community/VC/Tools/MSVC/14.29.30133/bin/Hostx64/x64/cl.exe - skipped
-- Detecting CXX compile features
-- Detecting CXX compile features - done
-- Found Git: C:/Git/cmd/git.exe (found version "2.41.0.windows.1") 
-- CMAKE_SYSTEM_NAME = Windows
-- CMAKE_CXX_COMPILER_ID = MSVC
-- CMAKE_CXX_FLAGS =   
-- CMAKE_C_FLAGS = /DWIN32 /D_WINDOWS /W3
-- Found PythonInterp: C:\Windows\py.exe (found version "3.11.4") 
-- Found PythonLibs: C:/Python installation/libs/Python311.lib
-- LTO is Disabled
-- AR VERSION: C:/Program Files (x86)/Microsoft Visual Studio/2019/Community/VC/Tools/MSVC/14.29.30133/bin/Hostx64/x64/lib.exe
-- Python version used for the interface will be 3.11
-- Standard install dir C:/KRATOS/Kratos/bin/FullDebug
-- "KRATOS_SHARED_MEMORY_PARALLELIZATION" not defined, defaulting to "OpenMP"
-- Found OpenMP_C: -openmp (found version "2.0") 
-- Found OpenMP_CXX: -openmp (found version "2.0") 
-- Found OpenMP: TRUE (found version "2.0")  
-- Using OpenMP for shared memory parallelization
-- Found Boost: C:/Boost extracted/boost_1_82_0 (found version "1.82.0")  
-- Boost Include: C:/Boost extracted/boost_1_82_0
-- Boost Linkdir: 
-- Could NOT find ZLIB (missing: ZLIB_INCLUDE_DIR) 
-- Preparing local ZLIB compilation.
-- Looking for sys/types.h
-- Looking for sys/types.h - found
-- Looking for stdint.h
-- Looking for stdint.h - found
-- Looking for stddef.h
-- Looking for stddef.h - found
-- Check size of off64_t
-- Check size of off64_t - failed
-- Looking for fseeko
-- Looking for fseeko - not found
-- Looking for unistd.h
-- Looking for unistd.h - not found
-- Performing Test CMAKE_HAVE_LIBC_PTHREAD
-- Performing Test CMAKE_HAVE_LIBC_PTHREAD - Failed
-- Looking for pthread_create in pthreads
-- Looking for pthread_create in pthreads - not found
-- Looking for pthread_create in pthread
-- Looking for pthread_create in pthread - not found
-- Found Threads: TRUE  
-- Configuring applications (ENV):
-- clipper : C:/KRATOS/Kratos/external_libraries/clipper
-- triangle : C:/KRATOS/Kratos/external_libraries/triangle
-- tinyexpr : C:/KRATOS/Kratos/external_libraries/tinyexpr/tinyexpr/
-- Configuring done (26.9s)
-- Generating done (0.4s)
-- Build files have been written to: C:/KRATOS/Kratos/build/FullDebug

C:\KRATOS\Kratos\scripts>rem Build 

C:\KRATOS\Kratos\scripts>cmake --build "C:\KRATOS\Kratos\scripts\../build/FullDebug" --target install -- /property:configuration=FullDebug /p:Platform=x64 
Microsoft (R) Build Engine version 16.11.2+f32259642 for .NET Framework
Copyright (C) Microsoft Corporation. All rights reserved.

  KratosVersion.vcxproj -> C:\KRATOS\Kratos\build\FullDebug\kratos\KratosVersion.dir\FullDebug\KratosVersion.lib
  clipper.vcxproj -> C:\KRATOS\Kratos\build\FullDebug\external_libraries\clipper\FullDebug\clipper.lib
  zlib.vcxproj -> C:\KRATOS\Kratos\build\FullDebug\external_libraries\zlib\FullDebug\zlib.dll
  gidpost.vcxproj -> C:\KRATOS\Kratos\build\FullDebug\external_libraries\gidpost\FullDebug\gidpost.lib
  tinyexpr.vcxproj -> C:\KRATOS\Kratos\build\FullDebug\external_libraries\tinyexpr\FullDebug\tinyexpr.lib
  triangle.vcxproj -> C:\KRATOS\Kratos\build\FullDebug\external_libraries\triangle\FullDebug\triangle.lib
  KratosCore.vcxproj -> C:\KRATOS\Kratos\build\FullDebug\kratos\FullDebug\KratosCore.dll
  Kratos.vcxproj -> C:\KRATOS\Kratos\build\FullDebug\kratos\FullDebug\Kratos.cp311-win_amd64.pyd
  DEMFEM_volume_coupling_application.cpp
C:\KRATOS\Kratos\kratos\includes/serializer.h(194,1): error C2512: 'Kratos::VolumeCouplingElement': no appropriate default constructor available [C:\KRATOS\Kratos\build\FullDebug\applications\DEMFEMVolumeCouplingApplication\KratosDEMFEMVolumeCouplingCore.vcxproj]
C:\KRATOS\Kratos\kratos\includes/serializer.h(200): message : see reference to function template instantiation 'void *Kratos::Serializer::Create<TDataType>(void)' being compiled [C:\KRATOS\Kratos\build\FullDebug\applications\DEMFEMVolumeCouplingApplication\KratosDEMFEMVolumeCouplingCore.vcxproj]
          with
          [
              TDataType=Kratos::VolumeCouplingElement
          ]
C:\KRATOS\Kratos\applications\DEMFEMVolumeCouplingApplication\DEMFEM_volume_coupling_application.cpp(81): message : see reference to function template instantiation 'void Kratos::Serializer::Register<Kratos::VolumeCouplingElement>(const std::string &,const TDataType &)' being compiled [C:\KRATOS\Kratos\build\FullDebug\applications\DEMFEMVolumeCouplingApplication\KratosDEMFEMVolumeCouplingCore.vcxproj]
          with
          [
              TDataType=Kratos::VolumeCouplingElement
          ]
C:\KRATOS\Kratos\kratos\includes/serializer.h(194,1): error C2512: 'Kratos::VolumeCouplingParticle': no appropriate default constructor available [C:\KRATOS\Kratos\build\FullDebug\applications\DEMFEMVolumeCouplingApplication\KratosDEMFEMVolumeCouplingCore.vcxproj]
C:\KRATOS\Kratos\kratos\includes/serializer.h(200): message : see reference to function template instantiation 'void *Kratos::Serializer::Create<TDataType>(void)' being compiled [C:\KRATOS\Kratos\build\FullDebug\applications\DEMFEMVolumeCouplingApplication\KratosDEMFEMVolumeCouplingCore.vcxproj]
          with
          [
              TDataType=Kratos::VolumeCouplingParticle
          ]
C:\KRATOS\Kratos\applications\DEMFEMVolumeCouplingApplication\DEMFEM_volume_coupling_application.cpp(97): message : see reference to function template instantiation 'void Kratos::Serializer::Register<Kratos::VolumeCouplingParticle>(const std::string &,const TDataType &)' being compiled [C:\KRATOS\Kratos\build\FullDebug\applications\DEMFEMVolumeCouplingApplication\KratosDEMFEMVolumeCouplingCore.vcxproj]
          with
          [
              TDataType=Kratos::VolumeCouplingParticle
          ]
  volume_coupling_element.cpp
C:\KRATOS\Kratos\applications\DEMFEMVolumeCouplingApplication\custom_elements\volume_coupling_element.cpp(45,38): error C2039: 'ShapeFunctionValues': is not a member of 'Kratos::Geometry<Kratos::Node>' [C:\KRATOS\Kratos\build\FullDebug\applications\DEMFEMVolumeCouplingApplication\KratosDEMFEMVolumeCouplingCore.vcxproj]
C:\KRATOS\Kratos\kratos\includes/accessor.h(49): message : see declaration of 'Kratos::Geometry<Kratos::Node>' [C:\KRATOS\Kratos\build\FullDebug\applications\DEMFEMVolumeCouplingApplication\KratosDEMFEMVolumeCouplingCore.vcxproj]
C:\KRATOS\Kratos\applications\DEMFEMVolumeCouplingApplication\custom_elements\volume_coupling_element.cpp(45,14): error C2672: 'boost::numeric::ublas::row': no matching overloaded function found [C:\KRATOS\Kratos\build\FullDebug\applications\DEMFEMVolumeCouplingApplication\KratosDEMFEMVolumeCouplingCore.vcxproj]
C:\KRATOS\Kratos\applications\DEMFEMVolumeCouplingApplication\custom_elements\volume_coupling_element.cpp(47,21): error C2143: syntax error: missing ',' before '<' [C:\KRATOS\Kratos\build\FullDebug\applications\DEMFEMVolumeCouplingApplication\KratosDEMFEMVolumeCouplingCore.vcxproj]
C:\KRATOS\Kratos\applications\DEMFEMVolumeCouplingApplication\custom_elements\volume_coupling_element.cpp(47,19): error C2086: 'int i': redefinition [C:\KRATOS\Kratos\build\FullDebug\applications\DEMFEMVolumeCouplingApplication\KratosDEMFEMVolumeCouplingCore.vcxproj]
C:\KRATOS\Kratos\applications\DEMFEMVolumeCouplingApplication\custom_elements\volume_coupling_element.cpp(47): message : see declaration of 'i' [C:\KRATOS\Kratos\build\FullDebug\applications\DEMFEMVolumeCouplingApplication\KratosDEMFEMVolumeCouplingCore.vcxproj]
C:\KRATOS\Kratos\applications\DEMFEMVolumeCouplingApplication\custom_elements\volume_coupling_element.cpp(48,5): error C2143: syntax error: missing ';' before '{' [C:\KRATOS\Kratos\build\FullDebug\applications\DEMFEMVolumeCouplingApplication\KratosDEMFEMVolumeCouplingCore.vcxproj]
C:\KRATOS\Kratos\applications\DEMFEMVolumeCouplingApplication\custom_elements\volume_coupling_element.cpp(49,54): error C3536: 'N': cannot be used before it is initialized [C:\KRATOS\Kratos\build\FullDebug\applications\DEMFEMVolumeCouplingApplication\KratosDEMFEMVolumeCouplingCore.vcxproj]
C:\KRATOS\Kratos\applications\DEMFEMVolumeCouplingApplication\custom_elements\volume_coupling_element.cpp(49,56): error C2109: subscript requires array or pointer type [C:\KRATOS\Kratos\build\FullDebug\applications\DEMFEMVolumeCouplingApplication\KratosDEMFEMVolumeCouplingCore.vcxproj]
C:\KRATOS\Kratos\applications\DEMFEMVolumeCouplingApplication\custom_elements\volume_coupling_element.cpp(49,64): error C2039: 'GetNodes': is not a member of 'Kratos::VolumeCouplingElement' [C:\KRATOS\Kratos\build\FullDebug\applications\DEMFEMVolumeCouplingApplication\KratosDEMFEMVolumeCouplingCore.vcxproj]
C:\KRATOS\Kratos\applications\DEMFEMVolumeCouplingApplication\custom_elements/volume_coupling_element.h(29): message : see declaration of 'Kratos::VolumeCouplingElement' [C:\KRATOS\Kratos\build\FullDebug\applications\DEMFEMVolumeCouplingApplication\KratosDEMFEMVolumeCouplingCore.vcxproj]
  volume_coupling_particle.cpp
C:\KRATOS\Kratos\applications\DEMFEMVolumeCouplingApplication\custom_elements\volume_coupling_particle.cpp(29,78): error C2065: 'PARTICLE_COUPLING_WEIGHT': undeclared identifier [C:\KRATOS\Kratos\build\FullDebug\applications\DEMFEMVolumeCouplingApplication\KratosDEMFEMVolumeCouplingCore.vcxproj]
C:\KRATOS\Kratos\applications\DEMFEMVolumeCouplingApplication\custom_elements\volume_coupling_particle.cpp(85,124): error C2248: 'Kratos::SphericParticle::EvaluateBallToBallForcesForPositiveIndentiations': cannot access protected member declared in class 'Kratos::SphericParticle' [C:\KRATOS\Kratos\build\FullDebug\applications\DEMFEMVolumeCouplingApplication\KratosDEMFEMVolumeCouplingCore.vcxproj]
C:\KRATOS\Kratos\applications\DEMApplication\custom_elements/spheric_particle.h(364): message : see declaration of 'Kratos::SphericParticle::EvaluateBallToBallForcesForPositiveIndentiations' [C:\KRATOS\Kratos\build\FullDebug\applications\DEMFEMVolumeCouplingApplication\KratosDEMFEMVolumeCouplingCore.vcxproj]
C:\KRATOS\Kratos\applications\DEMApplication\custom_elements/spheric_particle.h(30): message : see declaration of 'Kratos::SphericParticle' [C:\KRATOS\Kratos\build\FullDebug\applications\DEMFEMVolumeCouplingApplication\KratosDEMFEMVolumeCouplingCore.vcxproj]
C:\KRATOS\Kratos\applications\DEMFEMVolumeCouplingApplication\custom_elements\volume_coupling_particle.cpp(81,22): error C2352: 'Kratos::SphericParticle::EvaluateBallToBallForcesForPositiveIndentiations': illegal call of non-static member function [C:\KRATOS\Kratos\build\FullDebug\applications\DEMFEMVolumeCouplingApplication\KratosDEMFEMVolumeCouplingCore.vcxproj]
C:\KRATOS\Kratos\applications\DEMApplication\custom_elements/spheric_particle.h(364): message : see declaration of 'Kratos::SphericParticle::EvaluateBallToBallForcesForPositiveIndentiations' [C:\KRATOS\Kratos\build\FullDebug\applications\DEMFEMVolumeCouplingApplication\KratosDEMFEMVolumeCouplingCore.vcxproj]
C:\KRATOS\Kratos\applications\DEMFEMVolumeCouplingApplication\custom_elements\volume_coupling_particle.cpp(90,29): error C2355: 'this': can only be referenced inside non-static member functions or non-static data member initializers [C:\KRATOS\Kratos\build\FullDebug\applications\DEMFEMVolumeCouplingApplication\KratosDEMFEMVolumeCouplingCore.vcxproj]
C:\KRATOS\Kratos\applications\DEMFEMVolumeCouplingApplication\custom_elements\volume_coupling_particle.cpp(90,18): error C2737: 'my_young': const object must be initialized [C:\KRATOS\Kratos\build\FullDebug\applications\DEMFEMVolumeCouplingApplication\KratosDEMFEMVolumeCouplingCore.vcxproj]
C:\KRATOS\Kratos\applications\DEMFEMVolumeCouplingApplication\custom_elements\volume_coupling_particle.cpp(93,34): error C2355: 'this': can only be referenced inside non-static member functions or non-static data member initializers [C:\KRATOS\Kratos\build\FullDebug\applications\DEMFEMVolumeCouplingApplication\KratosDEMFEMVolumeCouplingCore.vcxproj]
C:\KRATOS\Kratos\applications\DEMFEMVolumeCouplingApplication\custom_elements\volume_coupling_particle.cpp(93,18): error C2737: 'my_arm_length': const object must be initialized [C:\KRATOS\Kratos\build\FullDebug\applications\DEMFEMVolumeCouplingApplication\KratosDEMFEMVolumeCouplingCore.vcxproj]
C:\KRATOS\Kratos\applications\DEMFEMVolumeCouplingApplication\custom_elements\volume_coupling_particle.cpp(95,35): error C2355: 'this': can only be referenced inside non-static member functions or non-static data member initializers [C:\KRATOS\Kratos\build\FullDebug\applications\DEMFEMVolumeCouplingApplication\KratosDEMFEMVolumeCouplingCore.vcxproj]
C:\KRATOS\Kratos\applications\DEMFEMVolumeCouplingApplication\custom_elements\volume_coupling_particle.cpp(95,83): error C2065: 'PARTICLE_COUPLING_WEIGHT': undeclared identifier [C:\KRATOS\Kratos\build\FullDebug\applications\DEMFEMVolumeCouplingApplication\KratosDEMFEMVolumeCouplingCore.vcxproj]
C:\KRATOS\Kratos\applications\DEMFEMVolumeCouplingApplication\custom_elements\volume_coupling_particle.cpp(95,178): error C2065: 'PARTICLE_COUPLING_WEIGHT': undeclared identifier [C:\KRATOS\Kratos\build\FullDebug\applications\DEMFEMVolumeCouplingApplication\KratosDEMFEMVolumeCouplingCore.vcxproj]
C:\KRATOS\Kratos\applications\DEMFEMVolumeCouplingApplication\custom_elements\volume_coupling_particle.cpp(123,64): error C2065: 'PARTICLE_COUPLING_WEIGHT': undeclared identifier [C:\KRATOS\Kratos\build\FullDebug\applications\DEMFEMVolumeCouplingApplication\KratosDEMFEMVolumeCouplingCore.vcxproj]
  Generating Code...

C:\KRATOS\Kratos\scripts>goto:eof
