
C:\KRATOS\Kratos\scripts>cmake -G"Visual Studio 16 2019" -H"C:\KRATOS\Kratos\scripts\.." -B"C:\KRATOS\Kratos\scripts\../build\FullDebug"          -DUSE_EIGEN_MKL=OFF                                                                                 -DINSTALL_RUNKRATOS=OFF       																		-DCMAKE_CXX_FLAGS="  "                                                  -DUSE_TRIANGLE_NONFREE_TPL=ON                                                                       -DKRATOS_GENERATE_PYTHON_STUBS=OFF 
-- Selecting Windows SDK version 10.0.19041.0 to target Windows 10.0.19045.
-- The C compiler identification is MSVC 19.29.30151.0
-- The CXX compiler identification is MSVC 19.29.30151.0
-- Detecting C compiler ABI info
-- Detecting C compiler ABI info - done
-- Check for working C compiler: C:/Program Files (x86)/Microsoft Visual Studio/2019/Community/VC/Tools/MSVC/14.29.30133/bin/Hostx64/x64/cl.exe - skipped
-- Detecting C compile features
-- Detecting C compile features - done
-- Detecting CXX compiler ABI info
-- Detecting CXX compiler ABI info - done
-- Check for working CXX compiler: C:/Program Files (x86)/Microsoft Visual Studio/2019/Community/VC/Tools/MSVC/14.29.30133/bin/Hostx64/x64/cl.exe - skipped
-- Detecting CXX compile features
-- Detecting CXX compile features - done
-- Found Git: C:/Git/cmd/git.exe (found version "2.41.0.windows.1") 
-- CMAKE_SYSTEM_NAME = Windows
-- CMAKE_CXX_COMPILER_ID = MSVC
-- CMAKE_CXX_FLAGS =   
-- CMAKE_C_FLAGS = /DWIN32 /D_WINDOWS /W3
-- Found PythonInterp: C:\Windows\py.exe (found version "3.11.4") 
-- Found PythonLibs: C:/Python installation/libs/Python311.lib
-- LTO is Disabled
-- AR VERSION: C:/Program Files (x86)/Microsoft Visual Studio/2019/Community/VC/Tools/MSVC/14.29.30133/bin/Hostx64/x64/lib.exe
-- Python version used for the interface will be 3.11
-- Standard install dir C:/KRATOS/Kratos/bin/FullDebug
-- "KRATOS_SHARED_MEMORY_PARALLELIZATION" not defined, defaulting to "OpenMP"
-- Found OpenMP_C: -openmp (found version "2.0") 
-- Found OpenMP_CXX: -openmp (found version "2.0") 
-- Found OpenMP: TRUE (found version "2.0")  
-- Using OpenMP for shared memory parallelization
-- Found Boost: C:/Boost extracted/boost_1_82_0 (found version "1.82.0")  
-- Boost Include: C:/Boost extracted/boost_1_82_0
-- Boost Linkdir: 
-- Could NOT find ZLIB (missing: ZLIB_INCLUDE_DIR) 
-- Preparing local ZLIB compilation.
-- Looking for sys/types.h
-- Looking for sys/types.h - found
-- Looking for stdint.h
-- Looking for stdint.h - found
-- Looking for stddef.h
-- Looking for stddef.h - found
-- Check size of off64_t
-- Check size of off64_t - failed
-- Looking for fseeko
-- Looking for fseeko - not found
-- Looking for unistd.h
-- Looking for unistd.h - not found
-- Performing Test CMAKE_HAVE_LIBC_PTHREAD
-- Performing Test CMAKE_HAVE_LIBC_PTHREAD - Failed
-- Looking for pthread_create in pthreads
-- Looking for pthread_create in pthreads - not found
-- Looking for pthread_create in pthread
-- Looking for pthread_create in pthread - not found
-- Found Threads: TRUE  
-- Configuring applications (ENV):
-- Performing Test COMPILER_HAS_DEPRECATED_ATTR
-- Performing Test COMPILER_HAS_DEPRECATED_ATTR - Failed
-- Performing Test COMPILER_HAS_DEPRECATED
-- Performing Test COMPILER_HAS_DEPRECATED - Success
-- clipper : C:/KRATOS/Kratos/external_libraries/clipper
-- triangle : C:/KRATOS/Kratos/external_libraries/triangle
-- tinyexpr : C:/KRATOS/Kratos/external_libraries/tinyexpr/tinyexpr/
-- Configuring done (15.3s)
-- Generating done (0.4s)
-- Build files have been written to: C:/KRATOS/Kratos/build/FullDebug

C:\KRATOS\Kratos\scripts>rem Build 

C:\KRATOS\Kratos\scripts>cmake --build "C:\KRATOS\Kratos\scripts\../build/FullDebug" --target install -- /property:configuration=FullDebug /p:Platform=x64 
Microsoft (R) Build Engine version 16.11.2+f32259642 for .NET Framework
Copyright (C) Microsoft Corporation. All rights reserved.

  KratosVersion.vcxproj -> C:\KRATOS\Kratos\build\FullDebug\kratos\KratosVersion.dir\FullDebug\KratosVersion.lib
  clipper.vcxproj -> C:\KRATOS\Kratos\build\FullDebug\external_libraries\clipper\FullDebug\clipper.lib
  zlib.vcxproj -> C:\KRATOS\Kratos\build\FullDebug\external_libraries\zlib\FullDebug\zlib.dll
  gidpost.vcxproj -> C:\KRATOS\Kratos\build\FullDebug\external_libraries\gidpost\FullDebug\gidpost.lib
  tinyexpr.vcxproj -> C:\KRATOS\Kratos\build\FullDebug\external_libraries\tinyexpr\FullDebug\tinyexpr.lib
  triangle.vcxproj -> C:\KRATOS\Kratos\build\FullDebug\external_libraries\triangle\FullDebug\triangle.lib
  KratosCore.vcxproj -> C:\KRATOS\Kratos\build\FullDebug\kratos\FullDebug\KratosCore.dll
  Kratos.vcxproj -> C:\KRATOS\Kratos\build\FullDebug\kratos\FullDebug\Kratos.cp311-win_amd64.pyd
  co_sim_io.vcxproj -> C:\KRATOS\Kratos\build\FullDebug\applications\CoSimulationApplication\custom_external_libraries\CoSimIO\FullDebug\co_sim_io.dll
  KratosCoSimulationCore.vcxproj -> C:\KRATOS\Kratos\build\FullDebug\applications\CoSimulationApplication\FullDebug\KratosCoSimulationCore.dll
  KratosCoSimulationApplication.vcxproj -> C:\KRATOS\Kratos\build\FullDebug\applications\CoSimulationApplication\FullDebug\KratosCoSimulationApplication.pyd
  KratosDEMCore.vcxproj -> C:\KRATOS\Kratos\build\FullDebug\applications\DEMApplication\FullDebug\KratosDEMCore.dll
  KratosDEMApplication.vcxproj -> C:\KRATOS\Kratos\build\FullDebug\applications\DEMApplication\FullDebug\KratosDEMApplication.pyd
  KratosStructuralMechanicsCore.vcxproj -> C:\KRATOS\Kratos\build\FullDebug\applications\StructuralMechanicsApplication\FullDebug\KratosStructuralMechanicsCore.dll
  KratosDEMFEMVolumeCouplingCore.vcxproj -> C:\KRATOS\Kratos\build\FullDebug\applications\DEMFEMVolumeCouplingApplication\FullDebug\KratosDEMFEMVolumeCouplingCore.dll
  KratosDEMFEMVolumeCouplingApplication.vcxproj -> C:\KRATOS\Kratos\build\FullDebug\applications\DEMFEMVolumeCouplingApplication\FullDebug\KratosDEMFEMVolumeCouplingApplication.pyd
  KratosMappingCore.vcxproj -> C:\KRATOS\Kratos\build\FullDebug\applications\MappingApplication\FullDebug\KratosMappingCore.dll
  KratosMappingApplication.vcxproj -> C:\KRATOS\Kratos\build\FullDebug\applications\MappingApplication\FullDebug\KratosMappingApplication.pyd
  KratosStructuralMechanicsApplication.vcxproj -> C:\KRATOS\Kratos\build\FullDebug\applications\StructuralMechanicsApplication\FullDebug\KratosStructuralMechanicsApplication.pyd
  ping.vcxproj -> C:\KRATOS\Kratos\build\FullDebug\applications\CoSimulationApplication\FullDebug\ping.exe
  pong.vcxproj -> C:\KRATOS\Kratos\build\FullDebug\applications\CoSimulationApplication\FullDebug\pong.exe
  zlibstatic.vcxproj -> C:\KRATOS\Kratos\build\FullDebug\external_libraries\zlib\FullDebug\zlibstatic.lib
  1>
  -- Install configuration: "FullDebug"
  -- Deleting: C:/KRATOS/Kratos/bin/FullDebug/KratosMultiphysics
  -- Deleting: C:/KRATOS/Kratos/bin/FullDebug/libs
  CMake Error at applications/DEMFEMVolumeCouplingApplication/cmake_install.cmake:64 (file):
    file INSTALL cannot find
    "C:/KRATOS/Kratos/applications/DEMFEMVolumeCouplingApplication/tests": File
    exists.
  Call Stack (most recent call first):
    cmake_install.cmake:196 (include)
  
  
C:\Program Files (x86)\Microsoft Visual Studio\2019\Community\MSBuild\Microsoft\VC\v160\Microsoft.CppCommon.targets(155,5): error MSB3073: The command "setlocal [C:\KRATOS\Kratos\build\FullDebug\install.vcxproj]
C:\Program Files (x86)\Microsoft Visual Studio\2019\Community\MSBuild\Microsoft\VC\v160\Microsoft.CppCommon.targets(155,5): error MSB3073: C:\CMake\bin\cmake.exe -DBUILD_TYPE=FullDebug -P cmake_install.cmake [C:\KRATOS\Kratos\build\FullDebug\install.vcxproj]
C:\Program Files (x86)\Microsoft Visual Studio\2019\Community\MSBuild\Microsoft\VC\v160\Microsoft.CppCommon.targets(155,5): error MSB3073: if %errorlevel% neq 0 goto :cmEnd [C:\KRATOS\Kratos\build\FullDebug\install.vcxproj]
C:\Program Files (x86)\Microsoft Visual Studio\2019\Community\MSBuild\Microsoft\VC\v160\Microsoft.CppCommon.targets(155,5): error MSB3073: :cmEnd [C:\KRATOS\Kratos\build\FullDebug\install.vcxproj]
C:\Program Files (x86)\Microsoft Visual Studio\2019\Community\MSBuild\Microsoft\VC\v160\Microsoft.CppCommon.targets(155,5): error MSB3073: endlocal & call :cmErrorLevel %errorlevel% & goto :cmDone [C:\KRATOS\Kratos\build\FullDebug\install.vcxproj]
C:\Program Files (x86)\Microsoft Visual Studio\2019\Community\MSBuild\Microsoft\VC\v160\Microsoft.CppCommon.targets(155,5): error MSB3073: :cmErrorLevel [C:\KRATOS\Kratos\build\FullDebug\install.vcxproj]
C:\Program Files (x86)\Microsoft Visual Studio\2019\Community\MSBuild\Microsoft\VC\v160\Microsoft.CppCommon.targets(155,5): error MSB3073: exit /b %1 [C:\KRATOS\Kratos\build\FullDebug\install.vcxproj]
C:\Program Files (x86)\Microsoft Visual Studio\2019\Community\MSBuild\Microsoft\VC\v160\Microsoft.CppCommon.targets(155,5): error MSB3073: :cmDone [C:\KRATOS\Kratos\build\FullDebug\install.vcxproj]
C:\Program Files (x86)\Microsoft Visual Studio\2019\Community\MSBuild\Microsoft\VC\v160\Microsoft.CppCommon.targets(155,5): error MSB3073: if %errorlevel% neq 0 goto :VCEnd [C:\KRATOS\Kratos\build\FullDebug\install.vcxproj]
C:\Program Files (x86)\Microsoft Visual Studio\2019\Community\MSBuild\Microsoft\VC\v160\Microsoft.CppCommon.targets(155,5): error MSB3073: :VCEnd" exited with code 1. [C:\KRATOS\Kratos\build\FullDebug\install.vcxproj]

C:\KRATOS\Kratos\scripts>goto:eof
